10:37:59  [main] 	Initializing Control Panel
10:37:59  [main] 	Windows Version: Windows XP SP3 32-bit
10:37:59  [main] 	XAMPP Version: 1.8.1
10:37:59  [main] 	Control Panel Version: 3.1.0 3.1.0 [ Compiled: September 20th 2012 ]
10:37:59  [main] 	Running with Administrator rights - good!
10:37:59  [main] 	XAMPP Installation Directory: "c:\xampp\"
10:37:59  [main] 	Checking for prerequisites
10:37:59  [main] 	All prerequisites found
10:37:59  [main] 	Initializing Modules
10:37:59  [main] 	Starting Check-Timer
10:37:59  [main] 	Control Panel Ready
10:38:01  [Apache] 	Attempting to start Apache app...
10:38:01  [Apache] 	Status change detected: running
10:38:05  [mysql] 	Attempting to start MySQL app...
10:38:06  [mysql] 	Status change detected: running
10:38:07  [main] 	Deinitializing Modules
10:38:07  [main] 	Deinitializing Control Panel

9:54:34  [main] 	Initializing Control Panel
9:54:34  [main] 	Windows Version: Windows XP SP3 32-bit
9:54:34  [main] 	XAMPP Version: 1.8.1
9:54:34  [main] 	Control Panel Version: 3.1.0 3.1.0 [ Compiled: September 20th 2012 ]
9:54:34  [main] 	Running with Administrator rights - good!
9:54:34  [main] 	XAMPP Installation Directory: "c:\xampp\"
9:54:34  [main] 	Checking for prerequisites
9:54:34  [main] 	All prerequisites found
9:54:34  [main] 	Initializing Modules
9:54:34  [main] 	Starting Check-Timer
9:54:34  [main] 	Control Panel Ready
17:35:09  [main] 	Deinitializing Modules
17:35:09  [main] 	Deinitializing Control Panel

9:24:57  [main] 	Initializing Control Panel
9:24:57  [main] 	Windows Version: Windows XP SP3 32-bit
9:24:57  [main] 	XAMPP Version: 1.8.1
9:24:57  [main] 	Control Panel Version: 3.1.0 3.1.0 [ Compiled: September 20th 2012 ]
9:24:57  [main] 	Running with Administrator rights - good!
9:24:57  [main] 	XAMPP Installation Directory: "c:\xampp\"
9:24:57  [main] 	Checking for prerequisites
9:24:57  [main] 	All prerequisites found
9:24:57  [main] 	Initializing Modules
9:24:57  [main] 	Starting Check-Timer
9:24:57  [main] 	Control Panel Ready
9:25:59  [Apache] 	Status change detected: running
9:26:01  [mysql] 	Status change detected: running
9:26:03  [filezilla] 	Status change detected: running
16:45:51  [main] 	Deinitializing Modules
16:45:51  [main] 	Deinitializing Control Panel

9:44:44  [main] 	Initializing Control Panel
9:44:44  [main] 	Windows Version: Windows XP SP3 32-bit
9:44:44  [main] 	XAMPP Version: 1.8.1
9:44:44  [main] 	Control Panel Version: 3.1.0 3.1.0 [ Compiled: September 20th 2012 ]
9:44:44  [main] 	Running with Administrator rights - good!
9:44:44  [main] 	XAMPP Installation Directory: "c:\xampp\"
9:44:44  [main] 	Checking for prerequisites
9:44:44  [main] 	All prerequisites found
9:44:44  [main] 	Initializing Modules
9:44:45  [main] 	Starting Check-Timer
9:44:45  [main] 	Control Panel Ready
9:44:46  [Apache] 	Attempting to start Apache app...
9:44:48  [Apache] 	Status change detected: running
9:44:49  [mysql] 	Attempting to start MySQL app...
9:44:53  [mysql] 	Status change detected: running
9:44:54  [filezilla] 	Attempting to start FileZilla app...
9:44:55  [filezilla] 	Status change detected: running
15:36:27  [main] 	Deinitializing Modules
15:36:27  [main] 	Deinitializing Control Panel

9:38:07  [main] 	Initializing Control Panel
9:38:07  [main] 	Windows Version: Windows XP SP3 32-bit
9:38:07  [main] 	XAMPP Version: 1.8.1
9:38:07  [main] 	Control Panel Version: 3.1.0 3.1.0 [ Compiled: September 20th 2012 ]
9:38:07  [main] 	Running with Administrator rights - good!
9:38:07  [main] 	XAMPP Installation Directory: "c:\xampp\"
9:38:07  [main] 	Checking for prerequisites
9:38:07  [main] 	All prerequisites found
9:38:07  [main] 	Initializing Modules
9:38:07  [main] 	Starting Check-Timer
9:38:07  [main] 	Control Panel Ready
9:38:08  [Apache] 	Attempting to start Apache app...
9:38:09  [Apache] 	Status change detected: running
9:38:10  [mysql] 	Attempting to start MySQL app...
9:38:11  [mysql] 	Status change detected: running
9:38:12  [filezilla] 	Attempting to start FileZilla app...
9:38:13  [filezilla] 	Status change detected: running
18:21:29  [main] 	Deinitializing Modules
18:21:29  [main] 	Deinitializing Control Panel

9:40:40  [main] 	Initializing Control Panel
9:40:40  [main] 	Windows Version: Windows XP SP3 32-bit
9:40:40  [main] 	XAMPP Version: 1.8.1
9:40:40  [main] 	Control Panel Version: 3.1.0 3.1.0 [ Compiled: September 20th 2012 ]
9:40:40  [main] 	Running with Administrator rights - good!
9:40:40  [main] 	XAMPP Installation Directory: "c:\xampp\"
9:40:40  [main] 	Checking for prerequisites
9:40:40  [main] 	All prerequisites found
9:40:40  [main] 	Initializing Modules
9:40:40  [main] 	Starting Check-Timer
9:40:40  [main] 	Control Panel Ready
9:40:43  [Apache] 	Attempting to start Apache app...
9:40:43  [mysql] 	Attempting to start MySQL app...
9:40:43  [Apache] 	Status change detected: running
9:40:44  [filezilla] 	Attempting to start FileZilla app...
9:40:44  [mysql] 	Status change detected: running
9:40:44  [filezilla] 	Status change detected: running
17:28:01  [main] 	Deinitializing Modules
17:28:01  [main] 	Deinitializing Control Panel

16:06:46  [main] 	Initializing Control Panel
16:06:46  [main] 	Windows Version: Windows XP SP3 32-bit
16:06:46  [main] 	XAMPP Version: 1.8.1
16:06:46  [main] 	Control Panel Version: 3.1.0 3.1.0 [ Compiled: September 20th 2012 ]
16:06:46  [main] 	Running with Administrator rights - good!
16:06:46  [main] 	XAMPP Installation Directory: "c:\xampp\"
16:06:46  [main] 	Checking for prerequisites
16:06:46  [main] 	All prerequisites found
16:06:46  [main] 	Initializing Modules
16:06:46  [main] 	Starting Check-Timer
16:06:46  [main] 	Control Panel Ready
16:06:48  [Apache] 	Attempting to start Apache app...
16:06:48  [mysql] 	Attempting to start MySQL app...
16:06:51  [Apache] 	Status change detected: running
16:06:52  [mysql] 	Status change detected: running
17:04:43  [main] 	Deinitializing Modules
17:04:43  [main] 	Deinitializing Control Panel

9:23:21  [main] 	Initializing Control Panel
9:23:21  [main] 	Windows Version: Windows XP SP3 32-bit
9:23:21  [main] 	XAMPP Version: 1.8.1
9:23:21  [main] 	Control Panel Version: 3.1.0 3.1.0 [ Compiled: September 20th 2012 ]
9:23:21  [main] 	Running with Administrator rights - good!
9:23:21  [main] 	XAMPP Installation Directory: "c:\xampp\"
9:23:21  [main] 	Checking for prerequisites
9:23:21  [main] 	All prerequisites found
9:23:21  [main] 	Initializing Modules
9:23:21  [main] 	Starting Check-Timer
9:23:21  [main] 	Control Panel Ready
9:23:22  [Apache] 	Attempting to start Apache app...
9:23:22  [mysql] 	Attempting to start MySQL app...
9:23:23  [filezilla] 	Attempting to start FileZilla app...
9:23:24  [filezilla] 	Attempting to start FileZilla app...
9:23:24  [Apache] 	Status change detected: running
9:23:24  [mysql] 	Status change detected: running
9:23:24  [filezilla] 	Status change detected: running
17:22:03  [main] 	Deinitializing Modules
17:22:03  [main] 	Deinitializing Control Panel

10:01:50  [main] 	Initializing Control Panel
10:01:50  [main] 	Windows Version: Windows XP SP3 32-bit
10:01:50  [main] 	XAMPP Version: 1.8.1
10:01:50  [main] 	Control Panel Version: 3.1.0 3.1.0 [ Compiled: September 20th 2012 ]
10:01:50  [main] 	Running with Administrator rights - good!
10:01:50  [main] 	XAMPP Installation Directory: "c:\xampp\"
10:01:50  [main] 	Checking for prerequisites
10:01:50  [main] 	All prerequisites found
10:01:50  [main] 	Initializing Modules
10:01:50  [main] 	Starting Check-Timer
10:01:50  [main] 	Control Panel Ready
10:01:55  [Apache] 	Attempting to start Apache app...
10:01:55  [mysql] 	Attempting to start MySQL app...
10:02:04  [Apache] 	Status change detected: running
10:02:05  [mysql] 	Status change detected: running
12:20:43  [filezilla] 	Attempting to start FileZilla app...
12:20:44  [filezilla] 	Status change detected: running
17:52:06  [main] 	Deinitializing Modules
17:52:06  [main] 	Deinitializing Control Panel

9:36:23  [main] 	Initializing Control Panel
9:36:23  [main] 	Windows Version: Windows XP SP3 32-bit
9:36:23  [main] 	XAMPP Version: 1.8.1
9:36:23  [main] 	Control Panel Version: 3.1.0 3.1.0 [ Compiled: September 20th 2012 ]
9:36:23  [main] 	Running with Administrator rights - good!
9:36:23  [main] 	XAMPP Installation Directory: "c:\xampp\"
9:36:23  [main] 	Checking for prerequisites
9:36:23  [main] 	All prerequisites found
9:36:23  [main] 	Initializing Modules
9:36:23  [main] 	Starting Check-Timer
9:36:23  [main] 	Control Panel Ready
9:36:24  [Apache] 	Attempting to start Apache app...
9:36:25  [mysql] 	Attempting to start MySQL app...
9:36:28  [filezilla] 	Attempting to start FileZilla app...
9:36:29  [Apache] 	Status change detected: running
9:36:29  [mysql] 	Status change detected: running
9:36:30  [filezilla] 	Status change detected: running
17:36:16  [main] 	Deinitializing Modules
17:36:16  [main] 	Deinitializing Control Panel

10:00:18  [main] 	Initializing Control Panel
10:00:18  [main] 	Windows Version: Windows XP SP3 32-bit
10:00:18  [main] 	XAMPP Version: 1.8.1
10:00:18  [main] 	Control Panel Version: 3.1.0 3.1.0 [ Compiled: September 20th 2012 ]
10:00:18  [main] 	Running with Administrator rights - good!
10:00:18  [main] 	XAMPP Installation Directory: "c:\xampp\"
10:00:18  [main] 	Checking for prerequisites
10:00:18  [main] 	All prerequisites found
10:00:18  [main] 	Initializing Modules
10:00:18  [main] 	Starting Check-Timer
10:00:18  [main] 	Control Panel Ready
10:00:24  [Apache] 	Attempting to start Apache app...
10:00:24  [mysql] 	Attempting to start MySQL app...
10:00:35  [Apache] 	Status change detected: running
10:00:39  [mysql] 	Status change detected: running
10:00:48  [filezilla] 	Attempting to start FileZilla app...
10:00:49  [filezilla] 	Status change detected: running
18:39:56  [main] 	Deinitializing Modules
18:39:56  [main] 	Deinitializing Control Panel

9:52:57  [main] 	Initializing Control Panel
9:52:57  [main] 	Windows Version: Windows XP SP3 32-bit
9:52:57  [main] 	XAMPP Version: 1.8.1
9:52:57  [main] 	Control Panel Version: 3.1.0 3.1.0 [ Compiled: September 20th 2012 ]
9:52:57  [main] 	Running with Administrator rights - good!
9:52:57  [main] 	XAMPP Installation Directory: "c:\xampp\"
9:52:57  [main] 	Checking for prerequisites
9:52:57  [main] 	All prerequisites found
9:52:57  [main] 	Initializing Modules
9:52:57  [main] 	Starting Check-Timer
9:52:57  [main] 	Control Panel Ready
9:52:58  [Apache] 	Attempting to start Apache app...
9:52:59  [mysql] 	Attempting to start MySQL app...
9:53:00  [Apache] 	Status change detected: running
9:53:00  [filezilla] 	Attempting to start FileZilla app...
9:53:01  [mysql] 	Status change detected: running
9:53:02  [filezilla] 	Status change detected: running
18:18:16  [main] 	Deinitializing Modules
18:18:16  [main] 	Deinitializing Control Panel

11:10:53  [main] 	Initializing Control Panel
11:10:53  [main] 	Windows Version: Windows XP SP3 32-bit
11:10:53  [main] 	XAMPP Version: 1.8.1
11:10:53  [main] 	Control Panel Version: 3.1.0 3.1.0 [ Compiled: September 20th 2012 ]
11:10:53  [main] 	Running with Administrator rights - good!
11:10:53  [main] 	XAMPP Installation Directory: "c:\xampp\"
11:10:53  [main] 	Checking for prerequisites
11:10:53  [main] 	All prerequisites found
11:10:53  [main] 	Initializing Modules
11:10:53  [main] 	Starting Check-Timer
11:10:53  [main] 	Control Panel Ready
11:11:09  [Apache] 	Attempting to start Apache app...
11:11:10  [Apache] 	Status change detected: running
11:11:15  [mysql] 	Attempting to start MySQL app...
11:11:16  [filezilla] 	Attempting to start FileZilla app...
11:11:17  [mysql] 	Status change detected: running
11:11:17  [filezilla] 	Status change detected: running
18:09:41  [main] 	Deinitializing Modules
18:09:41  [main] 	Deinitializing Control Panel

9:50:17  [main] 	Initializing Control Panel
9:50:17  [main] 	Windows Version: Windows XP SP3 32-bit
9:50:17  [main] 	XAMPP Version: 1.8.1
9:50:17  [main] 	Control Panel Version: 3.1.0 3.1.0 [ Compiled: September 20th 2012 ]
9:50:17  [main] 	Running with Administrator rights - good!
9:50:17  [main] 	XAMPP Installation Directory: "c:\xampp\"
9:50:17  [main] 	Checking for prerequisites
9:50:17  [main] 	All prerequisites found
9:50:17  [main] 	Initializing Modules
9:50:17  [main] 	Starting Check-Timer
9:50:17  [main] 	Control Panel Ready
9:50:18  [Apache] 	Attempting to start Apache app...
9:50:19  [mysql] 	Attempting to start MySQL app...
9:50:20  [filezilla] 	Attempting to start FileZilla app...
9:50:22  [Apache] 	Status change detected: running
9:50:22  [mysql] 	Status change detected: running
9:50:22  [filezilla] 	Status change detected: running
17:50:03  [main] 	Deinitializing Modules
17:50:03  [main] 	Deinitializing Control Panel

10:33:48  [main] 	Initializing Control Panel
10:33:48  [main] 	Windows Version: Windows XP SP3 32-bit
10:33:48  [main] 	XAMPP Version: 1.8.1
10:33:48  [main] 	Control Panel Version: 3.1.0 3.1.0 [ Compiled: September 20th 2012 ]
10:33:48  [main] 	Running with Administrator rights - good!
10:33:48  [main] 	XAMPP Installation Directory: "c:\xampp\"
10:33:48  [main] 	Checking for prerequisites
10:33:48  [main] 	All prerequisites found
10:33:48  [main] 	Initializing Modules
10:33:48  [main] 	Starting Check-Timer
10:33:48  [main] 	Control Panel Ready
10:33:50  [Apache] 	Attempting to start Apache app...
10:33:51  [mysql] 	Attempting to start MySQL app...
10:33:53  [filezilla] 	Attempting to start FileZilla app...
10:33:54  [Apache] 	Status change detected: running
10:33:54  [mysql] 	Status change detected: running
10:33:54  [filezilla] 	Status change detected: running
17:38:50  [main] 	Deinitializing Modules
17:38:50  [main] 	Deinitializing Control Panel

14:17:31  [main] 	Initializing Control Panel
14:17:31  [main] 	Windows Version: Windows XP SP3 32-bit
14:17:31  [main] 	XAMPP Version: 1.8.1
14:17:31  [main] 	Control Panel Version: 3.1.0 3.1.0 [ Compiled: September 20th 2012 ]
14:17:31  [main] 	Running with Administrator rights - good!
14:17:31  [main] 	XAMPP Installation Directory: "c:\xampp\"
14:17:31  [main] 	Checking for prerequisites
14:17:31  [main] 	All prerequisites found
14:17:31  [main] 	Initializing Modules
14:17:31  [main] 	Starting Check-Timer
14:17:31  [main] 	Control Panel Ready
14:17:32  [Apache] 	Attempting to start Apache app...
14:17:32  [mysql] 	Attempting to start MySQL app...
14:17:33  [filezilla] 	Attempting to start FileZilla app...
14:17:34  [Apache] 	Status change detected: running
14:17:34  [mysql] 	Status change detected: running
14:17:35  [filezilla] 	Status change detected: running
18:14:51  [main] 	Deinitializing Modules
18:14:51  [main] 	Deinitializing Control Panel

10:39:50  [main] 	Initializing Control Panel
10:39:50  [main] 	Windows Version: Windows XP SP3 32-bit
10:39:50  [main] 	XAMPP Version: 1.8.1
10:39:50  [main] 	Control Panel Version: 3.1.0 3.1.0 [ Compiled: September 20th 2012 ]
10:39:50  [main] 	Running with Administrator rights - good!
10:39:50  [main] 	XAMPP Installation Directory: "c:\xampp\"
10:39:50  [main] 	Checking for prerequisites
10:39:50  [main] 	All prerequisites found
10:39:50  [main] 	Initializing Modules
10:39:50  [main] 	Starting Check-Timer
10:39:50  [main] 	Control Panel Ready
10:39:51  [Apache] 	Attempting to start Apache app...
10:39:52  [mysql] 	Attempting to start MySQL app...
10:39:53  [filezilla] 	Attempting to start FileZilla app...
10:39:53  [Apache] 	Status change detected: running
10:39:54  [mysql] 	Status change detected: running
10:39:54  [filezilla] 	Status change detected: running
18:42:03  [main] 	Deinitializing Modules
18:42:03  [main] 	Deinitializing Control Panel

9:58:25  [main] 	Initializing Control Panel
9:58:25  [main] 	Windows Version: Windows XP SP3 32-bit
9:58:25  [main] 	XAMPP Version: 1.8.1
9:58:25  [main] 	Control Panel Version: 3.1.0 3.1.0 [ Compiled: September 20th 2012 ]
9:58:25  [main] 	Running with Administrator rights - good!
9:58:25  [main] 	XAMPP Installation Directory: "c:\xampp\"
9:58:25  [main] 	Checking for prerequisites
9:58:25  [main] 	All prerequisites found
9:58:25  [main] 	Initializing Modules
9:58:25  [main] 	Starting Check-Timer
9:58:25  [main] 	Control Panel Ready
9:58:27  [Apache] 	Attempting to start Apache app...
9:58:27  [mysql] 	Attempting to start MySQL app...
9:58:34  [Apache] 	Status change detected: running
9:58:35  [mysql] 	Status change detected: running
9:58:44  [filezilla] 	Attempting to start FileZilla app...
9:58:46  [filezilla] 	Status change detected: running
18:07:10  [main] 	Deinitializing Modules
18:07:10  [main] 	Deinitializing Control Panel

9:58:33  [main] 	Initializing Control Panel
9:58:33  [main] 	Windows Version: Windows XP SP3 32-bit
9:58:33  [main] 	XAMPP Version: 1.8.1
9:58:33  [main] 	Control Panel Version: 3.1.0 3.1.0 [ Compiled: September 20th 2012 ]
9:58:33  [main] 	Running with Administrator rights - good!
9:58:33  [main] 	XAMPP Installation Directory: "c:\xampp\"
9:58:34  [main] 	Checking for prerequisites
9:58:34  [main] 	All prerequisites found
9:58:34  [main] 	Initializing Modules
9:58:34  [main] 	Starting Check-Timer
9:58:34  [main] 	Control Panel Ready
9:58:47  [Apache] 	Attempting to start Apache app...
9:58:47  [mysql] 	Attempting to start MySQL app...
9:58:49  [filezilla] 	Attempting to start FileZilla app...
9:58:50  [Apache] 	Status change detected: running
9:58:50  [mysql] 	Status change detected: running
9:58:50  [filezilla] 	Status change detected: running
18:25:24  [main] 	Deinitializing Modules
18:25:24  [main] 	Deinitializing Control Panel

10:01:14  [main] 	Initializing Control Panel
10:01:14  [main] 	Windows Version: Windows XP SP3 32-bit
10:01:14  [main] 	XAMPP Version: 1.8.1
10:01:14  [main] 	Control Panel Version: 3.1.0 3.1.0 [ Compiled: September 20th 2012 ]
10:01:14  [main] 	Running with Administrator rights - good!
10:01:14  [main] 	XAMPP Installation Directory: "c:\xampp\"
10:01:14  [main] 	Checking for prerequisites
10:01:14  [main] 	All prerequisites found
10:01:14  [main] 	Initializing Modules
10:01:14  [main] 	Starting Check-Timer
10:01:14  [main] 	Control Panel Ready
10:01:17  [mysql] 	Attempting to start MySQL app...
10:01:19  [mysql] 	Status change detected: running
10:01:20  [Apache] 	Attempting to start Apache app...
10:01:21  [Apache] 	Status change detected: running
10:01:21  [filezilla] 	Attempting to start FileZilla app...
10:01:22  [filezilla] 	Status change detected: running
18:05:29  [main] 	Deinitializing Modules
18:05:29  [main] 	Deinitializing Control Panel

18:11:04  [main] 	Initializing Control Panel
18:11:04  [main] 	Windows Version: Windows XP SP3 32-bit
18:11:04  [main] 	XAMPP Version: 1.8.1
18:11:04  [main] 	Control Panel Version: 3.1.0 3.1.0 [ Compiled: September 20th 2012 ]
18:11:04  [main] 	Running with Administrator rights - good!
18:11:04  [main] 	XAMPP Installation Directory: "c:\xampp\"
18:11:04  [main] 	Checking for prerequisites
18:11:04  [main] 	All prerequisites found
18:11:04  [main] 	Initializing Modules
18:11:04  [main] 	Starting Check-Timer
18:11:04  [main] 	Control Panel Ready
18:11:05  [Apache] 	Attempting to start Apache app...
18:11:05  [mysql] 	Attempting to start MySQL app...
18:11:08  [Apache] 	Status change detected: running
18:11:08  [mysql] 	Status change detected: running
18:11:13  [filezilla] 	Attempting to start FileZilla app...
18:11:15  [filezilla] 	Status change detected: running
18:37:14  [main] 	Deinitializing Modules
18:37:14  [main] 	Deinitializing Control Panel

10:18:04  [main] 	Initializing Control Panel
10:18:04  [main] 	Windows Version: Windows XP SP3 32-bit
10:18:04  [main] 	XAMPP Version: 1.8.1
10:18:04  [main] 	Control Panel Version: 3.1.0 3.1.0 [ Compiled: September 20th 2012 ]
10:18:04  [main] 	Running with Administrator rights - good!
10:18:04  [main] 	XAMPP Installation Directory: "c:\xampp\"
10:18:04  [main] 	Checking for prerequisites
10:18:04  [main] 	All prerequisites found
10:18:04  [main] 	Initializing Modules
10:18:04  [main] 	Starting Check-Timer
10:18:04  [main] 	Control Panel Ready
10:28:17  [Apache] 	Attempting to start Apache app...
10:28:18  [mysql] 	Attempting to start MySQL app...
10:28:19  [filezilla] 	Attempting to start FileZilla app...
10:28:20  [Apache] 	Status change detected: running
10:28:20  [mysql] 	Status change detected: running
10:28:20  [filezilla] 	Status change detected: running
17:44:44  [main] 	Deinitializing Modules
17:44:44  [main] 	Deinitializing Control Panel

10:42:38  [main] 	Initializing Control Panel
10:42:38  [main] 	Windows Version: Windows XP SP3 32-bit
10:42:38  [main] 	XAMPP Version: 1.8.1
10:42:38  [main] 	Control Panel Version: 3.1.0 3.1.0 [ Compiled: September 20th 2012 ]
10:42:38  [main] 	Running with Administrator rights - good!
10:42:38  [main] 	XAMPP Installation Directory: "c:\xampp\"
10:42:38  [main] 	Checking for prerequisites
10:42:38  [main] 	All prerequisites found
10:42:38  [main] 	Initializing Modules
10:42:38  [main] 	Starting Check-Timer
10:42:38  [main] 	Control Panel Ready
10:42:53  [Apache] 	Attempting to start Apache app...
10:42:55  [Apache] 	Status change detected: running
10:42:55  [mysql] 	Attempting to start MySQL app...
10:42:58  [mysql] 	Status change detected: running
10:43:04  [filezilla] 	Attempting to start FileZilla app...
10:43:05  [filezilla] 	Status change detected: running
17:42:52  [main] 	Deinitializing Modules
17:42:52  [main] 	Deinitializing Control Panel

10:27:00  [main] 	Initializing Control Panel
10:27:00  [main] 	Windows Version: Windows XP SP3 32-bit
10:27:00  [main] 	XAMPP Version: 1.8.1
10:27:00  [main] 	Control Panel Version: 3.1.0 3.1.0 [ Compiled: September 20th 2012 ]
10:27:00  [main] 	Running with Administrator rights - good!
10:27:00  [main] 	XAMPP Installation Directory: "c:\xampp\"
10:27:00  [main] 	Checking for prerequisites
10:27:00  [main] 	All prerequisites found
10:27:00  [main] 	Initializing Modules
10:27:00  [main] 	Starting Check-Timer
10:27:00  [main] 	Control Panel Ready
10:27:02  [Apache] 	Attempting to start Apache app...
10:27:03  [mysql] 	Attempting to start MySQL app...
10:27:07  [Apache] 	Status change detected: running
10:27:08  [mysql] 	Status change detected: running
10:27:14  [filezilla] 	Attempting to start FileZilla app...
10:27:26  [filezilla] 	Status change detected: running
18:14:28  [main] 	Deinitializing Modules
18:14:28  [main] 	Deinitializing Control Panel

9:46:09  [main] 	Initializing Control Panel
9:46:09  [main] 	Windows Version: Windows XP SP3 32-bit
9:46:09  [main] 	XAMPP Version: 1.8.1
9:46:09  [main] 	Control Panel Version: 3.1.0 3.1.0 [ Compiled: September 20th 2012 ]
9:46:09  [main] 	Running with Administrator rights - good!
9:46:09  [main] 	XAMPP Installation Directory: "c:\xampp\"
9:46:09  [main] 	Checking for prerequisites
9:46:09  [main] 	All prerequisites found
9:46:09  [main] 	Initializing Modules
9:46:09  [main] 	Starting Check-Timer
9:46:09  [main] 	Control Panel Ready
9:46:11  [Apache] 	Attempting to start Apache app...
9:46:22  [Apache] 	Status change detected: running
9:46:26  [mysql] 	Attempting to start MySQL app...
9:46:37  [filezilla] 	Attempting to start FileZilla app...
9:46:48  [mysql] 	Status change detected: running
9:46:48  [filezilla] 	Status change detected: running
18:06:23  [main] 	Deinitializing Modules
18:06:23  [main] 	Deinitializing Control Panel

10:07:42  [main] 	Initializing Control Panel
10:07:42  [main] 	Windows Version: Windows XP SP3 32-bit
10:07:42  [main] 	XAMPP Version: 1.8.1
10:07:42  [main] 	Control Panel Version: 3.1.0 3.1.0 [ Compiled: September 20th 2012 ]
10:07:42  [main] 	Running with Administrator rights - good!
10:07:42  [main] 	XAMPP Installation Directory: "c:\xampp\"
10:07:42  [main] 	Checking for prerequisites
10:07:42  [main] 	All prerequisites found
10:07:42  [main] 	Initializing Modules
10:07:42  [main] 	Starting Check-Timer
10:07:42  [main] 	Control Panel Ready
10:07:44  [Apache] 	Attempting to start Apache app...
10:07:45  [Apache] 	Status change detected: running
10:08:02  [mysql] 	Attempting to start MySQL app...
10:08:02  [filezilla] 	Attempting to start FileZilla app...
10:08:03  [mysql] 	Status change detected: running
10:08:04  [filezilla] 	Status change detected: running
17:30:10  [main] 	Deinitializing Modules
17:30:10  [main] 	Deinitializing Control Panel

9:45:44  [main] 	Initializing Control Panel
9:45:44  [main] 	Windows Version: Windows XP SP3 32-bit
9:45:44  [main] 	XAMPP Version: 1.8.1
9:45:44  [main] 	Control Panel Version: 3.1.0 3.1.0 [ Compiled: September 20th 2012 ]
9:45:44  [main] 	Running with Administrator rights - good!
9:45:44  [main] 	XAMPP Installation Directory: "c:\xampp\"
9:45:44  [main] 	Checking for prerequisites
9:45:44  [main] 	All prerequisites found
9:45:44  [main] 	Initializing Modules
9:45:44  [main] 	Starting Check-Timer
9:45:44  [main] 	Control Panel Ready
9:45:46  [Apache] 	Attempting to start Apache app...
9:45:46  [mysql] 	Attempting to start MySQL app...
9:45:52  [filezilla] 	Attempting to start FileZilla app...
9:45:54  [Apache] 	Status change detected: running
9:45:54  [mysql] 	Status change detected: running
9:45:54  [filezilla] 	Status change detected: running
18:01:06  [main] 	Deinitializing Modules
18:01:06  [main] 	Deinitializing Control Panel

10:24:21  [main] 	Initializing Control Panel
10:24:21  [main] 	Windows Version: Windows XP SP3 32-bit
10:24:21  [main] 	XAMPP Version: 1.8.1
10:24:21  [main] 	Control Panel Version: 3.1.0 3.1.0 [ Compiled: September 20th 2012 ]
10:24:21  [main] 	Running with Administrator rights - good!
10:24:21  [main] 	XAMPP Installation Directory: "c:\xampp\"
10:24:21  [main] 	Checking for prerequisites
10:24:21  [main] 	All prerequisites found
10:24:21  [main] 	Initializing Modules
10:24:21  [main] 	Starting Check-Timer
10:24:21  [main] 	Control Panel Ready
10:24:23  [Apache] 	Attempting to start Apache app...
10:24:24  [Apache] 	Status change detected: running
10:24:24  [mysql] 	Attempting to start MySQL app...
10:24:25  [filezilla] 	Attempting to start FileZilla app...
10:24:26  [mysql] 	Status change detected: running
10:24:26  [filezilla] 	Status change detected: running
17:10:10  [main] 	Deinitializing Modules
17:10:10  [main] 	Deinitializing Control Panel

9:49:53  [main] 	Initializing Control Panel
9:49:53  [main] 	Windows Version: Windows XP SP3 32-bit
9:49:53  [main] 	XAMPP Version: 1.8.1
9:49:53  [main] 	Control Panel Version: 3.1.0 3.1.0 [ Compiled: September 20th 2012 ]
9:49:53  [main] 	Running with Administrator rights - good!
9:49:53  [main] 	XAMPP Installation Directory: "c:\xampp\"
9:49:53  [main] 	Checking for prerequisites
9:49:53  [main] 	All prerequisites found
9:49:53  [main] 	Initializing Modules
9:49:53  [main] 	Starting Check-Timer
9:49:53  [main] 	Control Panel Ready
9:49:54  [Apache] 	Attempting to start Apache app...
9:49:55  [Apache] 	Status change detected: running
9:49:56  [mysql] 	Attempting to start MySQL app...
9:49:57  [filezilla] 	Attempting to start FileZilla app...
9:49:58  [mysql] 	Status change detected: running
9:49:58  [filezilla] 	Status change detected: running
17:43:44  [main] 	Deinitializing Modules
17:43:44  [main] 	Deinitializing Control Panel

10:06:06  [main] 	Initializing Control Panel
10:06:06  [main] 	Windows Version: Windows XP SP3 32-bit
10:06:06  [main] 	XAMPP Version: 1.8.1
10:06:06  [main] 	Control Panel Version: 3.1.0 3.1.0 [ Compiled: September 20th 2012 ]
10:06:06  [main] 	Running with Administrator rights - good!
10:06:06  [main] 	XAMPP Installation Directory: "c:\xampp\"
10:06:06  [main] 	Checking for prerequisites
10:06:06  [main] 	All prerequisites found
10:06:06  [main] 	Initializing Modules
10:06:06  [main] 	Starting Check-Timer
10:06:06  [main] 	Control Panel Ready
10:06:07  [Apache] 	Attempting to start Apache app...
10:06:08  [Apache] 	Status change detected: running
10:06:08  [mysql] 	Attempting to start MySQL app...
10:06:09  [filezilla] 	Attempting to start FileZilla app...
10:06:10  [mysql] 	Status change detected: running
10:06:11  [filezilla] 	Status change detected: running
10:52:39  [main] 	Deinitializing Modules
10:52:39  [main] 	Deinitializing Control Panel

11:29:03  [main] 	Initializing Control Panel
11:29:03  [main] 	Windows Version: Windows XP SP3 32-bit
11:29:03  [main] 	XAMPP Version: 1.8.1
11:29:03  [main] 	Control Panel Version: 3.1.0 3.1.0 [ Compiled: September 20th 2012 ]
11:29:03  [main] 	Running with Administrator rights - good!
11:29:03  [main] 	XAMPP Installation Directory: "c:\xampp\"
11:29:03  [main] 	Checking for prerequisites
11:29:03  [main] 	All prerequisites found
11:29:03  [main] 	Initializing Modules
11:29:03  [main] 	Starting Check-Timer
11:29:03  [main] 	Control Panel Ready
11:29:05  [Apache] 	Attempting to start Apache app...
11:29:05  [mysql] 	Attempting to start MySQL app...
11:29:06  [filezilla] 	Attempting to start FileZilla app...
11:29:07  [Apache] 	Status change detected: running
11:29:08  [mysql] 	Status change detected: running
11:29:08  [filezilla] 	Status change detected: running
13:06:52  [main] 	Deinitializing Modules
13:06:52  [main] 	Deinitializing Control Panel

13:21:52  [main] 	Initializing Control Panel
13:21:52  [main] 	Windows Version: Windows XP SP3 32-bit
13:21:52  [main] 	XAMPP Version: 1.8.1
13:21:52  [main] 	Control Panel Version: 3.1.0 3.1.0 [ Compiled: September 20th 2012 ]
13:21:52  [main] 	Running with Administrator rights - good!
13:21:52  [main] 	XAMPP Installation Directory: "c:\xampp\"
13:21:52  [main] 	Checking for prerequisites
13:21:52  [main] 	All prerequisites found
13:21:52  [main] 	Initializing Modules
13:21:52  [main] 	Starting Check-Timer
13:21:52  [main] 	Control Panel Ready
13:21:53  [Apache] 	Attempting to start Apache app...
13:21:53  [mysql] 	Attempting to start MySQL app...
13:21:56  [filezilla] 	Attempting to start FileZilla app...
13:21:58  [Apache] 	Status change detected: running
13:21:58  [mysql] 	Status change detected: running
13:21:58  [filezilla] 	Status change detected: running
18:20:28  [main] 	Deinitializing Modules
18:20:28  [main] 	Deinitializing Control Panel

11:12:18  [main] 	Initializing Control Panel
11:12:18  [main] 	Windows Version: Windows XP SP3 32-bit
11:12:18  [main] 	XAMPP Version: 1.8.1
11:12:18  [main] 	Control Panel Version: 3.1.0 3.1.0 [ Compiled: September 20th 2012 ]
11:12:18  [main] 	Running with Administrator rights - good!
11:12:18  [main] 	XAMPP Installation Directory: "c:\xampp\"
11:12:18  [main] 	Checking for prerequisites
11:12:18  [main] 	All prerequisites found
11:12:18  [main] 	Initializing Modules
11:12:18  [main] 	Starting Check-Timer
11:12:18  [main] 	Control Panel Ready
11:12:19  [Apache] 	Attempting to start Apache app...
11:12:20  [mysql] 	Attempting to start MySQL app...
11:12:20  [Apache] 	Status change detected: running
11:12:20  [filezilla] 	Attempting to start FileZilla app...
11:12:21  [mysql] 	Status change detected: running
11:12:21  [filezilla] 	Status change detected: running
17:20:06  [main] 	Deinitializing Modules
17:20:06  [main] 	Deinitializing Control Panel

9:53:01  [main] 	Initializing Control Panel
9:53:01  [main] 	Windows Version: Windows XP SP3 32-bit
9:53:01  [main] 	XAMPP Version: 1.8.1
9:53:01  [main] 	Control Panel Version: 3.1.0 3.1.0 [ Compiled: September 20th 2012 ]
9:53:01  [main] 	Running with Administrator rights - good!
9:53:01  [main] 	XAMPP Installation Directory: "c:\xampp\"
9:53:01  [main] 	Checking for prerequisites
9:53:01  [main] 	All prerequisites found
9:53:01  [main] 	Initializing Modules
9:53:02  [main] 	Starting Check-Timer
9:53:02  [main] 	Control Panel Ready
9:53:03  [Apache] 	Attempting to start Apache app...
9:53:03  [Apache] 	Status change detected: running
9:53:05  [mysql] 	Attempting to start MySQL app...
9:53:06  [mysql] 	Status change detected: running
9:53:07  [filezilla] 	Attempting to start FileZilla app...
9:53:07  [filezilla] 	Status change detected: running
19:19:26  [main] 	Deinitializing Modules
19:19:26  [main] 	Deinitializing Control Panel

10:24:23  [main] 	Initializing Control Panel
10:24:23  [main] 	Windows Version: Windows XP SP3 32-bit
10:24:23  [main] 	XAMPP Version: 1.8.1
10:24:23  [main] 	Control Panel Version: 3.1.0 3.1.0 [ Compiled: September 20th 2012 ]
10:24:23  [main] 	Running with Administrator rights - good!
10:24:23  [main] 	XAMPP Installation Directory: "c:\xampp\"
10:24:23  [main] 	Checking for prerequisites
10:24:23  [main] 	All prerequisites found
10:24:23  [main] 	Initializing Modules
10:24:23  [main] 	Starting Check-Timer
10:24:23  [main] 	Control Panel Ready
10:24:25  [Apache] 	Attempting to start Apache app...
10:24:25  [mysql] 	Attempting to start MySQL app...
10:24:25  [Apache] 	Status change detected: running
10:24:26  [filezilla] 	Attempting to start FileZilla app...
10:24:27  [mysql] 	Status change detected: running
10:24:27  [filezilla] 	Status change detected: running
18:01:19  [main] 	Deinitializing Modules
18:01:19  [main] 	Deinitializing Control Panel

11:35:29  [main] 	Initializing Control Panel
11:35:29  [main] 	Windows Version: Windows XP SP3 32-bit
11:35:29  [main] 	XAMPP Version: 1.8.1
11:35:29  [main] 	Control Panel Version: 3.1.0 3.1.0 [ Compiled: September 20th 2012 ]
11:35:29  [main] 	Running with Administrator rights - good!
11:35:29  [main] 	XAMPP Installation Directory: "c:\xampp\"
11:35:29  [main] 	Checking for prerequisites
11:35:29  [main] 	All prerequisites found
11:35:29  [main] 	Initializing Modules
11:35:29  [main] 	Starting Check-Timer
11:35:29  [main] 	Control Panel Ready
11:35:30  [Apache] 	Attempting to start Apache app...
11:35:31  [mysql] 	Attempting to start MySQL app...
11:35:31  [Apache] 	Status change detected: running
11:35:31  [mysql] 	Status change detected: running
11:35:31  [filezilla] 	Attempting to start FileZilla app...
11:35:32  [filezilla] 	Status change detected: running
16:53:23  [main] 	Deinitializing Modules
16:53:23  [main] 	Deinitializing Control Panel

10:24:59  [main] 	Initializing Control Panel
10:24:59  [main] 	Windows Version: Windows XP SP3 32-bit
10:24:59  [main] 	XAMPP Version: 1.8.1
10:24:59  [main] 	Control Panel Version: 3.1.0 3.1.0 [ Compiled: September 20th 2012 ]
10:24:59  [main] 	Running with Administrator rights - good!
10:24:59  [main] 	XAMPP Installation Directory: "c:\xampp\"
10:24:59  [main] 	Checking for prerequisites
10:24:59  [main] 	All prerequisites found
10:24:59  [main] 	Initializing Modules
10:24:59  [main] 	Starting Check-Timer
10:24:59  [main] 	Control Panel Ready
10:25:02  [Apache] 	Attempting to start Apache app...
10:25:02  [Apache] 	Status change detected: running
10:25:02  [mysql] 	Attempting to start MySQL app...
10:25:04  [filezilla] 	Attempting to start FileZilla app...
10:25:04  [filezilla] 	Status change detected: running
10:25:04  [mysql] 	Status change detected: running
16:38:10  [Apache] 	Attempting to stop Apache (PID: 3692)
16:38:10  [Apache] 	Attempting to stop Apache (PID: 4020)
16:38:10  [Apache] 	Status change detected: stopped
16:38:10  [mysql] 	Attempting to stop MySQL (PID: 3736)
16:38:11  [filezilla] 	Attempting to stop FileZilla app...
16:38:11  [mysql] 	Status change detected: stopped
16:38:11  [filezilla] 	Status change detected: stopped
16:55:41  [Apache] 	Attempting to start Apache app...
16:55:42  [Apache] 	Status change detected: running
16:55:42  [mysql] 	Attempting to start MySQL app...
16:55:43  [mysql] 	Status change detected: running
16:55:43  [filezilla] 	Attempting to start FileZilla app...
16:55:44  [filezilla] 	Status change detected: running
18:11:07  [main] 	Deinitializing Modules
18:11:07  [main] 	Deinitializing Control Panel

9:13:21  [main] 	Initializing Control Panel
9:13:21  [main] 	Windows Version: Windows XP SP3 32-bit
9:13:21  [main] 	XAMPP Version: 1.8.1
9:13:21  [main] 	Control Panel Version: 3.1.0 3.1.0 [ Compiled: September 20th 2012 ]
9:13:21  [main] 	Running with Administrator rights - good!
9:13:21  [main] 	XAMPP Installation Directory: "c:\xampp\"
9:13:21  [main] 	Checking for prerequisites
9:13:21  [main] 	All prerequisites found
9:13:21  [main] 	Initializing Modules
9:13:21  [main] 	Starting Check-Timer
9:13:21  [main] 	Control Panel Ready
9:13:58  [Apache] 	Attempting to start Apache app...
9:13:58  [mysql] 	Attempting to start MySQL app...
9:13:58  [filezilla] 	Attempting to start FileZilla app...
9:13:59  [Apache] 	Status change detected: running
9:13:59  [filezilla] 	Status change detected: running
9:14:00  [mysql] 	Status change detected: running
14:29:00  [main] 	Deinitializing Modules
14:29:00  [main] 	Deinitializing Control Panel

10:18:36  [main] 	Initializing Control Panel
10:18:36  [main] 	Windows Version: Windows XP SP3 32-bit
10:18:36  [main] 	XAMPP Version: 1.8.1
10:18:36  [main] 	Control Panel Version: 3.1.0 3.1.0 [ Compiled: September 20th 2012 ]
10:18:36  [main] 	Running with Administrator rights - good!
10:18:36  [main] 	XAMPP Installation Directory: "c:\xampp\"
10:18:36  [main] 	Checking for prerequisites
10:18:36  [main] 	All prerequisites found
10:18:36  [main] 	Initializing Modules
10:18:36  [main] 	Starting Check-Timer
10:18:36  [main] 	Control Panel Ready
10:18:37  [Apache] 	Attempting to start Apache app...
10:18:37  [mysql] 	Attempting to start MySQL app...
10:18:40  [Apache] 	Status change detected: running
10:18:40  [mysql] 	Status change detected: running
15:34:38  [filezilla] 	Attempting to start FileZilla app...
15:34:40  [filezilla] 	Status change detected: running
17:23:14  [main] 	Deinitializing Modules
17:23:14  [main] 	Deinitializing Control Panel

10:43:44  [main] 	Initializing Control Panel
10:43:44  [main] 	Windows Version: Windows XP SP3 32-bit
10:43:44  [main] 	XAMPP Version: 1.8.1
10:43:44  [main] 	Control Panel Version: 3.1.0 3.1.0 [ Compiled: September 20th 2012 ]
10:43:44  [main] 	Running with Administrator rights - good!
10:43:44  [main] 	XAMPP Installation Directory: "c:\xampp\"
10:43:44  [main] 	Checking for prerequisites
10:43:44  [main] 	All prerequisites found
10:43:44  [main] 	Initializing Modules
10:43:44  [main] 	Starting Check-Timer
10:43:44  [main] 	Control Panel Ready
10:46:14  [Apache] 	Attempting to start Apache app...
10:46:15  [mysql] 	Attempting to start MySQL app...
10:46:16  [Apache] 	Status change detected: running
10:46:17  [mysql] 	Status change detected: running
10:47:47  [Apache] 	Attempting to stop Apache (PID: 2492)
10:47:47  [Apache] 	Attempting to stop Apache (PID: 2364)
10:47:48  [Apache] 	Status change detected: stopped
10:47:48  [mysql] 	Attempting to stop MySQL (PID: 2200)
10:47:49  [mysql] 	Status change detected: stopped
10:47:50  [mysql] 	Attempting to start MySQL app...
10:47:51  [mysql] 	Status change detected: running
10:47:51  [Apache] 	Attempting to start Apache app...
10:47:51  [Apache] 	Status change detected: running
10:48:32  [main] 	Deinitializing Modules
10:48:32  [main] 	Deinitializing Control Panel

15:48:57  [main] 	Initializing Control Panel
15:48:57  [main] 	Windows Version: Windows XP SP3 32-bit
15:48:57  [main] 	XAMPP Version: 1.8.1
15:48:57  [main] 	Control Panel Version: 3.1.0 3.1.0 [ Compiled: September 20th 2012 ]
15:48:57  [main] 	Running with Administrator rights - good!
15:48:57  [main] 	XAMPP Installation Directory: "c:\xampp\"
15:48:57  [main] 	Checking for prerequisites
15:48:57  [main] 	All prerequisites found
15:48:57  [main] 	Initializing Modules
15:48:57  [Apache] 	XAMPP Apache is already running on port 80
15:48:57  [Apache] 	XAMPP Apache is already running on port 443
15:48:57  [mysql] 	XAMPP MySQL is already running on port 3306
15:48:57  [main] 	Enabling autostart for module "Apache"
15:48:57  [main] 	Enabling autostart for module "MySQL"
15:48:57  [main] 	Starting Check-Timer
15:48:57  [main] 	Control Panel Ready
15:48:58  [Apache] 	Autostart aborted: Apache is already running
15:48:58  [mysql] 	Autostart aborted: MySQL is already running
17:53:02  [main] 	Deinitializing Modules
17:53:02  [main] 	Deinitializing Control Panel

14:52:31  [main] 	Initializing Control Panel
14:52:31  [main] 	Windows Version: Windows XP SP3 32-bit
14:52:31  [main] 	XAMPP Version: 1.8.1
14:52:31  [main] 	Control Panel Version: 3.1.0 3.1.0 [ Compiled: September 20th 2012 ]
14:52:31  [main] 	Running with Administrator rights - good!
14:52:31  [main] 	XAMPP Installation Directory: "c:\xampp\"
14:52:31  [main] 	Checking for prerequisites
14:52:31  [main] 	All prerequisites found
14:52:31  [main] 	Initializing Modules
14:52:31  [Apache] 	XAMPP Apache is already running on port 80
14:52:31  [Apache] 	XAMPP Apache is already running on port 443
14:52:31  [mysql] 	XAMPP MySQL is already running on port 3306
14:52:31  [main] 	Enabling autostart for module "Apache"
14:52:31  [main] 	Enabling autostart for module "MySQL"
14:52:31  [main] 	Starting Check-Timer
14:52:31  [main] 	Control Panel Ready
14:52:32  [Apache] 	Autostart aborted: Apache is already running
14:52:32  [mysql] 	Autostart aborted: MySQL is already running
14:52:33  [filezilla] 	Attempting to start FileZilla app...
14:52:34  [filezilla] 	Status change detected: running
17:22:35  [main] 	Deinitializing Modules
17:22:35  [main] 	Deinitializing Control Panel

9:50:41  [main] 	Initializing Control Panel
9:50:41  [main] 	Windows Version: Windows XP SP3 32-bit
9:50:41  [main] 	XAMPP Version: 1.8.1
9:50:41  [main] 	Control Panel Version: 3.1.0 3.1.0 [ Compiled: September 20th 2012 ]
9:50:41  [main] 	Running with Administrator rights - good!
9:50:41  [main] 	XAMPP Installation Directory: "c:\xampp\"
9:50:41  [main] 	Checking for prerequisites
9:50:41  [main] 	All prerequisites found
9:50:41  [main] 	Initializing Modules
9:50:41  [Apache] 	XAMPP Apache is already running on port 80
9:50:41  [Apache] 	XAMPP Apache is already running on port 443
9:50:41  [mysql] 	XAMPP MySQL is already running on port 3306
9:50:41  [main] 	Enabling autostart for module "Apache"
9:50:41  [main] 	Enabling autostart for module "MySQL"
9:50:41  [main] 	Starting Check-Timer
9:50:41  [main] 	Control Panel Ready
9:50:42  [Apache] 	Autostart aborted: Apache is already running
9:50:42  [mysql] 	Autostart aborted: MySQL is already running
9:50:48  [Apache] 	Attempting to stop Apache service...
9:50:51  [Apache] 	Status change detected: stopped
9:51:12  [Apache] 	Attempting to start Apache service...
9:51:20  [Apache] 	Status change detected: running
15:06:49  [main] 	Deinitializing Modules
15:06:49  [main] 	Deinitializing Control Panel

10:53:01  [main] 	Initializing Control Panel
10:53:01  [main] 	Windows Version: Windows XP SP3 32-bit
10:53:01  [main] 	XAMPP Version: 1.8.1
10:53:01  [main] 	Control Panel Version: 3.1.0 3.1.0 [ Compiled: September 20th 2012 ]
10:53:01  [main] 	Running with Administrator rights - good!
10:53:01  [main] 	XAMPP Installation Directory: "c:\xampp\"
10:53:01  [main] 	Checking for prerequisites
10:53:01  [main] 	All prerequisites found
10:53:01  [main] 	Initializing Modules
10:53:01  [Apache] 	Problem detected!
10:53:01  [Apache] 	Port 80 in use by "c:\xampp\xampp-control.exe"!
10:53:01  [Apache] 	Apache WILL NOT start without the configured ports free!
10:53:01  [Apache] 	You need to uninstall/disable/reconfigure the blocking application
10:53:01  [Apache] 	or reconfigure Apache to listen on a different port
10:53:01  [filezilla] 	XAMPP FileZilla FTP Server is already running on port 21
10:53:01  [filezilla] 	XAMPP FileZilla FTP Server is already running on port 14147
10:53:01  [main] 	Enabling autostart for module "Apache"
10:53:01  [main] 	Enabling autostart for module "MySQL"
10:53:01  [main] 	Starting Check-Timer
10:53:01  [main] 	Control Panel Ready
10:53:01  [Apache] 	Autostart active: starting...
10:53:01  [Apache] 	Attempting to start Apache service...
10:53:09  [mysql] 	Autostart active: starting...
10:53:09  [mysql] 	Attempting to start MySQL service...
10:53:09  [Apache] 	Status change detected: running
10:53:10  [mysql] 	Status change detected: running
10:53:12  [main] 	Deinitializing Modules
10:53:12  [main] 	Deinitializing Control Panel

10:53:13  [main] 	Initializing Control Panel
10:53:13  [main] 	Windows Version: Windows XP SP3 32-bit
10:53:13  [main] 	XAMPP Version: 1.8.1
10:53:13  [main] 	Control Panel Version: 3.1.0 3.1.0 [ Compiled: September 20th 2012 ]
10:53:13  [main] 	Running with Administrator rights - good!
10:53:13  [main] 	XAMPP Installation Directory: "c:\xampp\"
10:53:13  [main] 	Checking for prerequisites
10:53:13  [main] 	All prerequisites found
10:53:13  [main] 	Initializing Modules
10:53:13  [Apache] 	Problem detected!
10:53:13  [Apache] 	Port 80 in use by "c:\xampp\xampp-control.exe"!
10:53:13  [Apache] 	Apache WILL NOT start without the configured ports free!
10:53:13  [Apache] 	You need to uninstall/disable/reconfigure the blocking application
10:53:13  [Apache] 	or reconfigure Apache to listen on a different port
10:53:13  [Apache] 	XAMPP Apache is already running on port 443
10:53:13  [mysql] 	XAMPP MySQL is already running on port 3306
10:53:13  [filezilla] 	XAMPP FileZilla FTP Server is already running on port 21
10:53:13  [filezilla] 	XAMPP FileZilla FTP Server is already running on port 14147
10:53:13  [main] 	Enabling autostart for module "Apache"
10:53:13  [main] 	Enabling autostart for module "MySQL"
10:53:13  [main] 	Starting Check-Timer
10:53:13  [main] 	Control Panel Ready
10:53:14  [Apache] 	Autostart aborted: Apache is already running
10:53:14  [mysql] 	Autostart aborted: MySQL is already running
10:53:15  [Apache] 	Attempting to stop Apache service...
10:53:18  [Apache] 	Status change detected: stopped
10:53:20  [mysql] 	Attempting to stop MySQL service...
10:53:21  [mysql] 	Status change detected: stopped
10:53:21  [filezilla] 	Attempting to stop FileZilla app...
10:53:22  [filezilla] 	Status change detected: stopped
10:53:24  [main] 	Deinitializing Modules
10:53:24  [main] 	Deinitializing Control Panel

9:54:32  [main] 	Initializing Control Panel
9:54:32  [main] 	Windows Version: Windows XP SP3 32-bit
9:54:32  [main] 	XAMPP Version: 1.8.1
9:54:32  [main] 	Control Panel Version: 3.1.0 3.1.0 [ Compiled: September 20th 2012 ]
9:54:32  [main] 	Running with Administrator rights - good!
9:54:32  [main] 	XAMPP Installation Directory: "c:\xampp\"
9:54:32  [main] 	Checking for prerequisites
9:54:32  [main] 	All prerequisites found
9:54:32  [main] 	Initializing Modules
9:54:32  [Apache] 	XAMPP Apache is already running on port 80
9:54:32  [Apache] 	XAMPP Apache is already running on port 443
9:54:32  [mysql] 	XAMPP MySQL is already running on port 3306
9:54:32  [main] 	Enabling autostart for module "Apache"
9:54:32  [main] 	Enabling autostart for module "MySQL"
9:54:32  [main] 	Starting Check-Timer
9:54:32  [main] 	Control Panel Ready
9:54:32  [Apache] 	Autostart aborted: Apache is already running
9:54:32  [mysql] 	Autostart aborted: MySQL is already running
9:54:33  [Apache] 	Attempting to stop Apache service...
9:54:36  [Apache] 	Status change detected: stopped
9:54:37  [Apache] 	Attempting to start Apache service...
9:54:41  [Apache] 	Status change detected: running
9:55:00  [filezilla] 	Attempting to start FileZilla app...
9:55:01  [filezilla] 	Status change detected: running
17:37:40  [main] 	Deinitializing Modules
17:37:40  [main] 	Deinitializing Control Panel

10:31:25  [main] 	Initializing Control Panel
10:31:25  [main] 	Windows Version: Windows XP SP3 32-bit
10:31:25  [main] 	XAMPP Version: 1.8.1
10:31:25  [main] 	Control Panel Version: 3.1.0 3.1.0 [ Compiled: September 20th 2012 ]
10:31:25  [main] 	Running with Administrator rights - good!
10:31:25  [main] 	XAMPP Installation Directory: "c:\xampp\"
10:31:25  [main] 	Checking for prerequisites
10:31:25  [main] 	All prerequisites found
10:31:25  [main] 	Initializing Modules
10:31:25  [Apache] 	Problem detected!
10:31:25  [Apache] 	Port 80 in use by "c:\xampp\xampp-control.exe"!
10:31:25  [Apache] 	Apache WILL NOT start without the configured ports free!
10:31:25  [Apache] 	You need to uninstall/disable/reconfigure the blocking application
10:31:25  [Apache] 	or reconfigure Apache to listen on a different port
10:31:25  [Apache] 	XAMPP Apache is already running on port 443
10:31:25  [mysql] 	XAMPP MySQL is already running on port 3306
10:31:25  [main] 	Enabling autostart for module "Apache"
10:31:25  [main] 	Enabling autostart for module "MySQL"
10:31:25  [main] 	Starting Check-Timer
10:31:25  [main] 	Control Panel Ready
10:31:26  [Apache] 	Autostart aborted: Apache is already running
10:31:26  [mysql] 	Autostart aborted: MySQL is already running
11:17:59  [filezilla] 	Attempting to start FileZilla app...
11:17:59  [filezilla] 	Status change detected: running
17:48:36  [main] 	Deinitializing Modules
17:48:36  [main] 	Deinitializing Control Panel

10:17:18  [main] 	Initializing Control Panel
10:17:18  [main] 	Windows Version: Windows XP SP3 32-bit
10:17:18  [main] 	XAMPP Version: 1.8.1
10:17:18  [main] 	Control Panel Version: 3.1.0 3.1.0 [ Compiled: September 20th 2012 ]
10:17:18  [main] 	Running with Administrator rights - good!
10:17:18  [main] 	XAMPP Installation Directory: "c:\xampp\"
10:17:18  [main] 	Checking for prerequisites
10:17:18  [main] 	All prerequisites found
10:17:18  [main] 	Initializing Modules
10:17:18  [Apache] 	XAMPP Apache is already running on port 80
10:17:18  [Apache] 	XAMPP Apache is already running on port 443
10:17:18  [mysql] 	XAMPP MySQL is already running on port 3306
10:17:18  [main] 	Enabling autostart for module "Apache"
10:17:18  [main] 	Enabling autostart for module "MySQL"
10:17:18  [main] 	Starting Check-Timer
10:17:18  [main] 	Control Panel Ready
10:17:19  [Apache] 	Autostart aborted: Apache is already running
10:17:19  [mysql] 	Autostart aborted: MySQL is already running
10:26:05  [filezilla] 	Attempting to start FileZilla app...
10:26:06  [filezilla] 	Status change detected: running
17:55:13  [main] 	Deinitializing Modules
17:55:13  [main] 	Deinitializing Control Panel

10:18:58  [main] 	Initializing Control Panel
10:18:58  [main] 	Windows Version: Windows XP SP3 32-bit
10:18:58  [main] 	XAMPP Version: 1.8.1
10:18:58  [main] 	Control Panel Version: 3.1.0 3.1.0 [ Compiled: September 20th 2012 ]
10:18:58  [main] 	Running with Administrator rights - good!
10:18:58  [main] 	XAMPP Installation Directory: "c:\xampp\"
10:18:59  [main] 	Checking for prerequisites
10:18:59  [main] 	All prerequisites found
10:18:59  [main] 	Initializing Modules
10:18:59  [Apache] 	XAMPP Apache is already running on port 80
10:18:59  [Apache] 	XAMPP Apache is already running on port 443
10:18:59  [mysql] 	XAMPP MySQL is already running on port 3306
10:18:59  [main] 	Enabling autostart for module "Apache"
10:18:59  [main] 	Enabling autostart for module "MySQL"
10:18:59  [main] 	Starting Check-Timer
10:18:59  [main] 	Control Panel Ready
10:18:59  [Apache] 	Autostart aborted: Apache is already running
10:18:59  [mysql] 	Autostart aborted: MySQL is already running
10:19:03  [filezilla] 	Attempting to start FileZilla app...
10:19:05  [filezilla] 	Status change detected: running
17:50:42  [main] 	Deinitializing Modules
17:50:42  [main] 	Deinitializing Control Panel

10:18:18  [main] 	Initializing Control Panel
10:18:18  [main] 	Windows Version: Windows XP SP3 32-bit
10:18:18  [main] 	XAMPP Version: 1.8.1
10:18:18  [main] 	Control Panel Version: 3.1.0 3.1.0 [ Compiled: September 20th 2012 ]
10:18:18  [main] 	Running with Administrator rights - good!
10:18:18  [main] 	XAMPP Installation Directory: "c:\xampp\"
10:18:18  [main] 	Checking for prerequisites
10:18:18  [main] 	All prerequisites found
10:18:18  [main] 	Initializing Modules
10:18:18  [Apache] 	XAMPP Apache is already running on port 80
10:18:18  [Apache] 	XAMPP Apache is already running on port 443
10:18:18  [mysql] 	XAMPP MySQL is already running on port 3306
10:18:18  [main] 	Enabling autostart for module "Apache"
10:18:18  [main] 	Enabling autostart for module "MySQL"
10:18:18  [main] 	Starting Check-Timer
10:18:18  [main] 	Control Panel Ready
10:18:19  [Apache] 	Autostart aborted: Apache is already running
10:18:19  [mysql] 	Autostart aborted: MySQL is already running
10:18:21  [filezilla] 	Attempting to start FileZilla app...
10:18:22  [filezilla] 	Status change detected: running
18:08:15  [main] 	Deinitializing Modules
18:08:15  [main] 	Deinitializing Control Panel

17:20:49  [main] 	Initializing Control Panel
17:20:50  [main] 	Windows Version: Windows XP SP3 32-bit
17:20:50  [main] 	XAMPP Version: 1.8.1
17:20:50  [main] 	Control Panel Version: 3.1.0 3.1.0 [ Compiled: September 20th 2012 ]
17:20:50  [main] 	Running with Administrator rights - good!
17:20:50  [main] 	XAMPP Installation Directory: "c:\xampp\"
17:20:50  [main] 	Checking for prerequisites
17:20:50  [main] 	All prerequisites found
17:20:50  [main] 	Initializing Modules
17:20:50  [Apache] 	XAMPP Apache is already running on port 80
17:20:50  [Apache] 	XAMPP Apache is already running on port 443
17:20:50  [mysql] 	XAMPP MySQL is already running on port 3306
17:20:50  [main] 	Enabling autostart for module "Apache"
17:20:50  [main] 	Enabling autostart for module "MySQL"
17:20:50  [main] 	Starting Check-Timer
17:20:50  [main] 	Control Panel Ready
17:20:50  [Apache] 	Autostart aborted: Apache is already running
17:20:50  [mysql] 	Autostart aborted: MySQL is already running
17:42:23  [main] 	Deinitializing Modules
17:42:23  [main] 	Deinitializing Control Panel

16:44:42  [main] 	Initializing Control Panel
16:44:42  [main] 	Windows Version: Windows XP SP3 32-bit
16:44:42  [main] 	XAMPP Version: 1.8.1
16:44:42  [main] 	Control Panel Version: 3.1.0 3.1.0 [ Compiled: September 20th 2012 ]
16:44:42  [main] 	Running with Administrator rights - good!
16:44:42  [main] 	XAMPP Installation Directory: "c:\xampp\"
16:44:42  [main] 	Checking for prerequisites
16:44:42  [main] 	All prerequisites found
16:44:42  [main] 	Initializing Modules
16:44:42  [Apache] 	XAMPP Apache is already running on port 80
16:44:42  [Apache] 	XAMPP Apache is already running on port 443
16:44:42  [mysql] 	XAMPP MySQL is already running on port 3306
16:44:42  [main] 	Enabling autostart for module "Apache"
16:44:42  [main] 	Enabling autostart for module "MySQL"
16:44:42  [main] 	Starting Check-Timer
16:44:42  [main] 	Control Panel Ready
16:44:43  [Apache] 	Autostart aborted: Apache is already running
16:44:43  [mysql] 	Autostart aborted: MySQL is already running
17:32:38  [main] 	Deinitializing Modules
17:32:38  [main] 	Deinitializing Control Panel

10:01:58  [main] 	Initializing Control Panel
10:01:58  [main] 	Windows Version: Windows XP SP3 32-bit
10:01:58  [main] 	XAMPP Version: 1.8.1
10:01:58  [main] 	Control Panel Version: 3.1.0 3.1.0 [ Compiled: September 20th 2012 ]
10:01:58  [main] 	Running with Administrator rights - good!
10:01:58  [main] 	XAMPP Installation Directory: "c:\xampp\"
10:01:58  [main] 	Checking for prerequisites
10:01:58  [main] 	All prerequisites found
10:01:58  [main] 	Initializing Modules
10:01:58  [Apache] 	XAMPP Apache is already running on port 80
10:01:58  [Apache] 	XAMPP Apache is already running on port 443
10:01:58  [mysql] 	XAMPP MySQL is already running on port 3306
10:01:58  [main] 	Enabling autostart for module "Apache"
10:01:58  [main] 	Enabling autostart for module "MySQL"
10:01:58  [main] 	Starting Check-Timer
10:01:58  [main] 	Control Panel Ready
10:01:58  [Apache] 	Autostart aborted: Apache is already running
10:01:58  [mysql] 	Autostart aborted: MySQL is already running
10:02:00  [filezilla] 	Attempting to start FileZilla app...
10:02:01  [filezilla] 	Status change detected: running
16:11:08  [main] 	Deinitializing Modules
16:11:08  [main] 	Deinitializing Control Panel

11:10:03  [main] 	Initializing Control Panel
11:10:03  [main] 	Windows Version: Windows XP SP3 32-bit
11:10:03  [main] 	XAMPP Version: 1.8.1
11:10:03  [main] 	Control Panel Version: 3.1.0 3.1.0 [ Compiled: September 20th 2012 ]
11:10:03  [main] 	Running with Administrator rights - good!
11:10:03  [main] 	XAMPP Installation Directory: "c:\xampp\"
11:10:03  [main] 	Checking for prerequisites
11:10:03  [main] 	All prerequisites found
11:10:03  [main] 	Initializing Modules
11:10:03  [Apache] 	XAMPP Apache is already running on port 80
11:10:03  [Apache] 	XAMPP Apache is already running on port 443
11:10:03  [mysql] 	XAMPP MySQL is already running on port 3306
11:10:03  [main] 	Enabling autostart for module "Apache"
11:10:03  [main] 	Enabling autostart for module "MySQL"
11:10:03  [main] 	Starting Check-Timer
11:10:03  [main] 	Control Panel Ready
11:10:04  [Apache] 	Autostart aborted: Apache is already running
11:10:04  [mysql] 	Autostart aborted: MySQL is already running
14:44:20  [main] 	Deinitializing Modules
14:44:20  [main] 	Deinitializing Control Panel

10:19:36  [main] 	Initializing Control Panel
10:19:36  [main] 	Windows Version: Windows XP SP3 32-bit
10:19:36  [main] 	XAMPP Version: 1.8.1
10:19:36  [main] 	Control Panel Version: 3.1.0 3.1.0 [ Compiled: September 20th 2012 ]
10:19:36  [main] 	Running with Administrator rights - good!
10:19:36  [main] 	XAMPP Installation Directory: "c:\xampp\"
10:19:36  [main] 	Checking for prerequisites
10:19:36  [main] 	All prerequisites found
10:19:36  [main] 	Initializing Modules
10:19:36  [Apache] 	XAMPP Apache is already running on port 80
10:19:36  [Apache] 	XAMPP Apache is already running on port 443
10:19:36  [mysql] 	XAMPP MySQL is already running on port 3306
10:19:36  [main] 	Enabling autostart for module "Apache"
10:19:36  [main] 	Enabling autostart for module "MySQL"
10:19:36  [main] 	Starting Check-Timer
10:19:36  [main] 	Control Panel Ready
10:19:37  [Apache] 	Autostart aborted: Apache is already running
10:19:37  [mysql] 	Autostart aborted: MySQL is already running
17:37:01  [main] 	Deinitializing Modules
17:37:01  [main] 	Deinitializing Control Panel

10:57:02  [main] 	Initializing Control Panel
10:57:02  [main] 	Windows Version: Windows XP SP3 32-bit
10:57:02  [main] 	XAMPP Version: 1.8.1
10:57:02  [main] 	Control Panel Version: 3.1.0 3.1.0 [ Compiled: September 20th 2012 ]
10:57:02  [main] 	Running with Administrator rights - good!
10:57:02  [main] 	XAMPP Installation Directory: "c:\xampp\"
10:57:02  [main] 	Checking for prerequisites
10:57:02  [main] 	All prerequisites found
10:57:02  [main] 	Initializing Modules
10:57:02  [Apache] 	Problem detected!
10:57:02  [Apache] 	Port 80 in use by "c:\xampp\xampp-control.exe"!
10:57:02  [Apache] 	Apache WILL NOT start without the configured ports free!
10:57:02  [Apache] 	You need to uninstall/disable/reconfigure the blocking application
10:57:02  [Apache] 	or reconfigure Apache to listen on a different port
10:57:02  [Apache] 	XAMPP Apache is already running on port 443
10:57:02  [mysql] 	XAMPP MySQL is already running on port 3306
10:57:02  [main] 	Enabling autostart for module "Apache"
10:57:02  [main] 	Enabling autostart for module "MySQL"
10:57:02  [main] 	Starting Check-Timer
10:57:02  [main] 	Control Panel Ready
10:57:02  [Apache] 	Autostart aborted: Apache is already running
10:57:02  [mysql] 	Autostart aborted: MySQL is already running
18:15:04  [main] 	Deinitializing Modules
18:15:04  [main] 	Deinitializing Control Panel

11:13:12  [main] 	Initializing Control Panel
11:13:12  [main] 	Windows Version: Windows XP SP3 32-bit
11:13:12  [main] 	XAMPP Version: 1.8.1
11:13:12  [main] 	Control Panel Version: 3.1.0 3.1.0 [ Compiled: September 20th 2012 ]
11:13:12  [main] 	Running with Administrator rights - good!
11:13:12  [main] 	XAMPP Installation Directory: "c:\xampp\"
11:13:12  [main] 	Checking for prerequisites
11:13:12  [main] 	All prerequisites found
11:13:12  [main] 	Initializing Modules
11:13:12  [Apache] 	Problem detected!
11:13:12  [Apache] 	Port 80 in use by "c:\xampp\xampp-control.exe"!
11:13:12  [Apache] 	Apache WILL NOT start without the configured ports free!
11:13:12  [Apache] 	You need to uninstall/disable/reconfigure the blocking application
11:13:12  [Apache] 	or reconfigure Apache to listen on a different port
11:13:12  [Apache] 	XAMPP Apache is already running on port 443
11:13:12  [mysql] 	Problem detected!
11:13:12  [mysql] 	Port 3306 in use by "c:\xampp\xampp-control.exe"!
11:13:12  [mysql] 	MySQL WILL NOT start without the configured ports free!
11:13:12  [mysql] 	You need to uninstall/disable/reconfigure the blocking application
11:13:12  [mysql] 	or reconfigure MySQL to listen on a different port
11:13:12  [main] 	Enabling autostart for module "Apache"
11:13:12  [main] 	Enabling autostart for module "MySQL"
11:13:12  [main] 	Starting Check-Timer
11:13:12  [main] 	Control Panel Ready
11:13:13  [Apache] 	Autostart aborted: Apache is already running
11:13:13  [mysql] 	Autostart aborted: MySQL is already running
15:18:02  [main] 	Deinitializing Modules
15:18:02  [main] 	Deinitializing Control Panel

13:10:26  [main] 	Initializing Control Panel
13:10:26  [main] 	Windows Version: Windows XP SP3 32-bit
13:10:26  [main] 	XAMPP Version: 1.8.1
13:10:26  [main] 	Control Panel Version: 3.1.0 3.1.0 [ Compiled: September 20th 2012 ]
13:10:26  [main] 	Running with Administrator rights - good!
13:10:26  [main] 	XAMPP Installation Directory: "c:\xampp\"
13:10:26  [main] 	Checking for prerequisites
13:10:27  [main] 	All prerequisites found
13:10:27  [main] 	Initializing Modules
13:10:27  [Apache] 	Problem detected!
13:10:27  [Apache] 	Port 80 in use by "c:\xampp\xampp-control.exe"!
13:10:27  [Apache] 	Apache WILL NOT start without the configured ports free!
13:10:27  [Apache] 	You need to uninstall/disable/reconfigure the blocking application
13:10:27  [Apache] 	or reconfigure Apache to listen on a different port
13:10:27  [Apache] 	XAMPP Apache is already running on port 443
13:10:27  [mysql] 	XAMPP MySQL is already running on port 3306
13:10:27  [main] 	Enabling autostart for module "Apache"
13:10:27  [main] 	Enabling autostart for module "MySQL"
13:10:27  [main] 	Starting Check-Timer
13:10:27  [main] 	Control Panel Ready
13:10:27  [Apache] 	Autostart aborted: Apache is already running
13:10:27  [mysql] 	Autostart aborted: MySQL is already running
17:54:20  [main] 	Deinitializing Modules
17:54:20  [main] 	Deinitializing Control Panel

11:25:32  [main] 	Initializing Control Panel
11:25:32  [main] 	Windows Version: Windows XP SP3 32-bit
11:25:32  [main] 	XAMPP Version: 1.8.1
11:25:32  [main] 	Control Panel Version: 3.1.0 3.1.0 [ Compiled: September 20th 2012 ]
11:25:32  [main] 	Running with Administrator rights - good!
11:25:32  [main] 	XAMPP Installation Directory: "c:\xampp\"
11:25:32  [main] 	Checking for prerequisites
11:25:32  [main] 	All prerequisites found
11:25:32  [main] 	Initializing Modules
11:25:32  [Apache] 	XAMPP Apache is already running on port 80
11:25:32  [Apache] 	XAMPP Apache is already running on port 443
11:25:32  [mysql] 	XAMPP MySQL is already running on port 3306
11:25:32  [main] 	Enabling autostart for module "Apache"
11:25:32  [main] 	Enabling autostart for module "MySQL"
11:25:32  [main] 	Starting Check-Timer
11:25:32  [main] 	Control Panel Ready
11:25:32  [Apache] 	Autostart aborted: Apache is already running
11:25:32  [mysql] 	Autostart aborted: MySQL is already running
17:40:00  [main] 	Deinitializing Modules
17:40:00  [main] 	Deinitializing Control Panel

12:06:04  [main] 	Initializing Control Panel
12:06:04  [main] 	Windows Version: Windows XP SP3 32-bit
12:06:04  [main] 	XAMPP Version: 1.8.1
12:06:04  [main] 	Control Panel Version: 3.1.0 3.1.0 [ Compiled: September 20th 2012 ]
12:06:04  [main] 	Running with Administrator rights - good!
12:06:04  [main] 	XAMPP Installation Directory: "c:\xampp\"
12:06:04  [main] 	Checking for prerequisites
12:06:04  [main] 	All prerequisites found
12:06:04  [main] 	Initializing Modules
12:06:04  [Apache] 	XAMPP Apache is already running on port 80
12:06:04  [Apache] 	XAMPP Apache is already running on port 443
12:06:04  [mysql] 	XAMPP MySQL is already running on port 3306
12:06:04  [main] 	Enabling autostart for module "Apache"
12:06:04  [main] 	Enabling autostart for module "MySQL"
12:06:04  [main] 	Starting Check-Timer
12:06:04  [main] 	Control Panel Ready
12:06:05  [Apache] 	Autostart aborted: Apache is already running
12:06:05  [mysql] 	Autostart aborted: MySQL is already running
18:15:33  [main] 	Deinitializing Modules
18:15:33  [main] 	Deinitializing Control Panel

11:55:57  [main] 	Initializing Control Panel
11:55:57  [main] 	Windows Version: Windows XP SP3 32-bit
11:55:57  [main] 	XAMPP Version: 1.8.1
11:55:57  [main] 	Control Panel Version: 3.1.0 3.1.0 [ Compiled: September 20th 2012 ]
11:55:57  [main] 	Running with Administrator rights - good!
11:55:57  [main] 	XAMPP Installation Directory: "c:\xampp\"
11:55:57  [main] 	Checking for prerequisites
11:55:57  [main] 	All prerequisites found
11:55:57  [main] 	Initializing Modules
11:55:57  [Apache] 	XAMPP Apache is already running on port 80
11:55:57  [Apache] 	XAMPP Apache is already running on port 443
11:55:57  [mysql] 	XAMPP MySQL is already running on port 3306
11:55:57  [main] 	Enabling autostart for module "Apache"
11:55:57  [main] 	Enabling autostart for module "MySQL"
11:55:57  [main] 	Starting Check-Timer
11:55:57  [main] 	Control Panel Ready
11:55:58  [Apache] 	Autostart aborted: Apache is already running
11:55:58  [mysql] 	Autostart aborted: MySQL is already running
18:04:59  [main] 	Deinitializing Modules
18:04:59  [main] 	Deinitializing Control Panel

10:10:16  [main] 	Initializing Control Panel
10:10:16  [main] 	Windows Version: Windows XP SP3 32-bit
10:10:16  [main] 	XAMPP Version: 1.8.1
10:10:16  [main] 	Control Panel Version: 3.1.0 3.1.0 [ Compiled: September 20th 2012 ]
10:10:16  [main] 	Running with Administrator rights - good!
10:10:16  [main] 	XAMPP Installation Directory: "c:\xampp\"
10:10:17  [main] 	Checking for prerequisites
10:10:17  [main] 	All prerequisites found
10:10:17  [main] 	Initializing Modules
10:10:17  [Apache] 	XAMPP Apache is already running on port 80
10:10:17  [Apache] 	XAMPP Apache is already running on port 443
10:10:17  [mysql] 	XAMPP MySQL is already running on port 3306
10:10:17  [main] 	Enabling autostart for module "Apache"
10:10:17  [main] 	Enabling autostart for module "MySQL"
10:10:17  [main] 	Starting Check-Timer
10:10:17  [main] 	Control Panel Ready
10:10:17  [Apache] 	Autostart aborted: Apache is already running
10:10:17  [mysql] 	Autostart aborted: MySQL is already running
18:08:16  [main] 	Deinitializing Modules
18:08:16  [main] 	Deinitializing Control Panel

10:42:49  [main] 	Initializing Control Panel
10:42:49  [main] 	Windows Version: Windows XP SP3 32-bit
10:42:49  [main] 	XAMPP Version: 1.8.1
10:42:49  [main] 	Control Panel Version: 3.1.0 3.1.0 [ Compiled: September 20th 2012 ]
10:42:49  [main] 	Running with Administrator rights - good!
10:42:49  [main] 	XAMPP Installation Directory: "c:\xampp\"
10:42:49  [main] 	Checking for prerequisites
10:42:49  [main] 	All prerequisites found
10:42:49  [main] 	Initializing Modules
10:42:49  [Apache] 	Problem detected!
10:42:49  [Apache] 	Port 80 in use by "c:\xampp\xampp-control.exe"!
10:42:49  [Apache] 	Apache WILL NOT start without the configured ports free!
10:42:49  [Apache] 	You need to uninstall/disable/reconfigure the blocking application
10:42:49  [Apache] 	or reconfigure Apache to listen on a different port
10:42:49  [Apache] 	XAMPP Apache is already running on port 443
10:42:49  [mysql] 	XAMPP MySQL is already running on port 3306
10:42:49  [main] 	Enabling autostart for module "Apache"
10:42:49  [main] 	Enabling autostart for module "MySQL"
10:42:49  [main] 	Starting Check-Timer
10:42:49  [main] 	Control Panel Ready
10:42:50  [Apache] 	Autostart aborted: Apache is already running
10:42:50  [mysql] 	Autostart aborted: MySQL is already running
17:38:58  [main] 	Deinitializing Modules
17:38:58  [main] 	Deinitializing Control Panel

10:29:42  [main] 	Initializing Control Panel
10:29:42  [main] 	Windows Version: Windows XP SP3 32-bit
10:29:42  [main] 	XAMPP Version: 1.8.1
10:29:42  [main] 	Control Panel Version: 3.1.0 3.1.0 [ Compiled: September 20th 2012 ]
10:29:42  [main] 	Running with Administrator rights - good!
10:29:42  [main] 	XAMPP Installation Directory: "c:\xampp\"
10:29:42  [main] 	Checking for prerequisites
10:29:42  [main] 	All prerequisites found
10:29:42  [main] 	Initializing Modules
10:29:42  [Apache] 	Problem detected!
10:29:42  [Apache] 	Port 80 in use by "c:\xampp\xampp-control.exe"!
10:29:42  [Apache] 	Apache WILL NOT start without the configured ports free!
10:29:42  [Apache] 	You need to uninstall/disable/reconfigure the blocking application
10:29:42  [Apache] 	or reconfigure Apache to listen on a different port
10:29:42  [Apache] 	XAMPP Apache is already running on port 443
10:29:42  [mysql] 	Problem detected!
10:29:42  [mysql] 	Port 3306 in use by "c:\xampp\xampp-control.exe"!
10:29:42  [mysql] 	MySQL WILL NOT start without the configured ports free!
10:29:42  [mysql] 	You need to uninstall/disable/reconfigure the blocking application
10:29:42  [mysql] 	or reconfigure MySQL to listen on a different port
10:29:42  [main] 	Enabling autostart for module "Apache"
10:29:42  [main] 	Enabling autostart for module "MySQL"
10:29:42  [main] 	Starting Check-Timer
10:29:42  [main] 	Control Panel Ready
10:29:43  [Apache] 	Autostart aborted: Apache is already running
10:29:43  [mysql] 	Autostart aborted: MySQL is already running
16:02:08  [main] 	Deinitializing Modules
16:02:08  [main] 	Deinitializing Control Panel

12:17:01  [main] 	Initializing Control Panel
12:17:01  [main] 	Windows Version: Windows XP SP3 32-bit
12:17:01  [main] 	XAMPP Version: 1.8.1
12:17:01  [main] 	Control Panel Version: 3.1.0 3.1.0 [ Compiled: September 20th 2012 ]
12:17:01  [main] 	Running with Administrator rights - good!
12:17:01  [main] 	XAMPP Installation Directory: "c:\xampp\"
12:17:02  [main] 	Checking for prerequisites
12:17:02  [main] 	All prerequisites found
12:17:02  [main] 	Initializing Modules
12:17:02  [Apache] 	Problem detected!
12:17:02  [Apache] 	Port 80 in use by "c:\xampp\xampp-control.exe"!
12:17:02  [Apache] 	Apache WILL NOT start without the configured ports free!
12:17:02  [Apache] 	You need to uninstall/disable/reconfigure the blocking application
12:17:02  [Apache] 	or reconfigure Apache to listen on a different port
12:17:02  [Apache] 	XAMPP Apache is already running on port 443
12:17:02  [mysql] 	XAMPP MySQL is already running on port 3306
12:17:02  [main] 	Enabling autostart for module "Apache"
12:17:02  [main] 	Enabling autostart for module "MySQL"
12:17:02  [main] 	Starting Check-Timer
12:17:02  [main] 	Control Panel Ready
12:17:02  [Apache] 	Autostart aborted: Apache is already running
12:17:02  [mysql] 	Autostart aborted: MySQL is already running
18:15:50  [main] 	Deinitializing Modules
18:15:50  [main] 	Deinitializing Control Panel

18:21:10  [main] 	Initializing Control Panel
18:21:10  [main] 	Windows Version: Windows XP SP3 32-bit
18:21:10  [main] 	XAMPP Version: 1.8.1
18:21:10  [main] 	Control Panel Version: 3.1.0 3.1.0 [ Compiled: September 20th 2012 ]
18:21:10  [main] 	Running with Administrator rights - good!
18:21:10  [main] 	XAMPP Installation Directory: "c:\xampp\"
18:21:11  [main] 	Checking for prerequisites
18:21:11  [main] 	All prerequisites found
18:21:11  [main] 	Initializing Modules
18:21:11  [Apache] 	XAMPP Apache is already running on port 80
18:21:11  [Apache] 	XAMPP Apache is already running on port 443
18:21:11  [mysql] 	XAMPP MySQL is already running on port 3306
18:21:11  [main] 	Enabling autostart for module "Apache"
18:21:11  [main] 	Enabling autostart for module "MySQL"
18:21:11  [main] 	Starting Check-Timer
18:21:11  [main] 	Control Panel Ready
18:21:11  [Apache] 	Autostart aborted: Apache is already running
18:21:11  [mysql] 	Autostart aborted: MySQL is already running
18:23:07  [main] 	Deinitializing Modules
18:23:07  [main] 	Deinitializing Control Panel

18:48:42  [main] 	Initializing Control Panel
18:48:42  [main] 	Windows Version: Windows XP SP3 32-bit
18:48:42  [main] 	XAMPP Version: 1.8.1
18:48:42  [main] 	Control Panel Version: 3.1.0 3.1.0 [ Compiled: September 20th 2012 ]
18:48:42  [main] 	Running with Administrator rights - good!
18:48:42  [main] 	XAMPP Installation Directory: "c:\xampp\"
18:48:42  [main] 	Checking for prerequisites
18:48:42  [main] 	All prerequisites found
18:48:42  [main] 	Initializing Modules
18:48:42  [Apache] 	XAMPP Apache is already running on port 80
18:48:42  [Apache] 	XAMPP Apache is already running on port 443
18:48:42  [mysql] 	XAMPP MySQL is already running on port 3306
18:48:42  [main] 	Enabling autostart for module "Apache"
18:48:42  [main] 	Enabling autostart for module "MySQL"
18:48:42  [main] 	Starting Check-Timer
18:48:42  [main] 	Control Panel Ready
18:48:43  [Apache] 	Autostart aborted: Apache is already running
18:48:43  [mysql] 	Autostart aborted: MySQL is already running
21:03:09  [main] 	Deinitializing Modules
21:03:09  [main] 	Deinitializing Control Panel

12:32:41  [main] 	Initializing Control Panel
12:32:41  [main] 	Windows Version: Windows XP SP3 32-bit
12:32:41  [main] 	XAMPP Version: 1.8.1
12:32:41  [main] 	Control Panel Version: 3.1.0 3.1.0 [ Compiled: September 20th 2012 ]
12:32:41  [main] 	Running with Administrator rights - good!
12:32:41  [main] 	XAMPP Installation Directory: "c:\xampp\"
12:32:41  [main] 	Checking for prerequisites
12:32:41  [main] 	All prerequisites found
12:32:41  [main] 	Initializing Modules
12:32:41  [Apache] 	XAMPP Apache is already running on port 80
12:32:41  [Apache] 	XAMPP Apache is already running on port 443
12:32:41  [mysql] 	XAMPP MySQL is already running on port 3306
12:32:41  [main] 	Enabling autostart for module "Apache"
12:32:41  [main] 	Enabling autostart for module "MySQL"
12:32:41  [main] 	Starting Check-Timer
12:32:41  [main] 	Control Panel Ready
12:32:42  [Apache] 	Autostart aborted: Apache is already running
12:32:42  [mysql] 	Autostart aborted: MySQL is already running
18:01:36  [main] 	Deinitializing Modules
18:01:36  [main] 	Deinitializing Control Panel

10:12:45  [main] 	Initializing Control Panel
10:12:45  [main] 	Windows Version: Windows XP SP3 32-bit
10:12:45  [main] 	XAMPP Version: 1.8.1
10:12:45  [main] 	Control Panel Version: 3.1.0 3.1.0 [ Compiled: September 20th 2012 ]
10:12:45  [main] 	Running with Administrator rights - good!
10:12:45  [main] 	XAMPP Installation Directory: "c:\xampp\"
10:12:45  [main] 	Checking for prerequisites
10:12:45  [main] 	All prerequisites found
10:12:45  [main] 	Initializing Modules
10:12:45  [Apache] 	Problem detected!
10:12:45  [Apache] 	Port 80 in use by "c:\xampp\xampp-control.exe"!
10:12:45  [Apache] 	Apache WILL NOT start without the configured ports free!
10:12:45  [Apache] 	You need to uninstall/disable/reconfigure the blocking application
10:12:45  [Apache] 	or reconfigure Apache to listen on a different port
10:12:45  [Apache] 	XAMPP Apache is already running on port 443
10:12:45  [mysql] 	XAMPP MySQL is already running on port 3306
10:12:45  [main] 	Enabling autostart for module "Apache"
10:12:45  [main] 	Enabling autostart for module "MySQL"
10:12:45  [main] 	Starting Check-Timer
10:12:45  [main] 	Control Panel Ready
10:12:46  [Apache] 	Autostart aborted: Apache is already running
10:12:46  [mysql] 	Autostart aborted: MySQL is already running
18:32:10  [main] 	Deinitializing Modules
18:32:10  [main] 	Deinitializing Control Panel

9:58:26  [main] 	Initializing Control Panel
9:58:26  [main] 	Windows Version: Windows XP SP3 32-bit
9:58:26  [main] 	XAMPP Version: 1.8.1
9:58:26  [main] 	Control Panel Version: 3.1.0 3.1.0 [ Compiled: September 20th 2012 ]
9:58:26  [main] 	Running with Administrator rights - good!
9:58:26  [main] 	XAMPP Installation Directory: "c:\xampp\"
9:58:26  [main] 	Checking for prerequisites
9:58:26  [main] 	All prerequisites found
9:58:26  [main] 	Initializing Modules
9:58:26  [Apache] 	XAMPP Apache is already running on port 80
9:58:26  [Apache] 	XAMPP Apache is already running on port 443
9:58:26  [mysql] 	XAMPP MySQL is already running on port 3306
9:58:26  [main] 	Enabling autostart for module "Apache"
9:58:26  [main] 	Enabling autostart for module "MySQL"
9:58:26  [main] 	Starting Check-Timer
9:58:26  [main] 	Control Panel Ready
9:58:27  [Apache] 	Autostart aborted: Apache is already running
9:58:27  [mysql] 	Autostart aborted: MySQL is already running
19:51:16  [main] 	Deinitializing Modules
19:51:16  [main] 	Deinitializing Control Panel

10:29:59  [main] 	Initializing Control Panel
10:29:59  [main] 	Windows Version: Windows XP SP3 32-bit
10:29:59  [main] 	XAMPP Version: 1.8.1
10:29:59  [main] 	Control Panel Version: 3.1.0 3.1.0 [ Compiled: September 20th 2012 ]
10:29:59  [main] 	Running with Administrator rights - good!
10:29:59  [main] 	XAMPP Installation Directory: "c:\xampp\"
10:29:59  [main] 	Checking for prerequisites
10:29:59  [main] 	All prerequisites found
10:29:59  [main] 	Initializing Modules
10:29:59  [Apache] 	XAMPP Apache is already running on port 80
10:29:59  [Apache] 	XAMPP Apache is already running on port 443
10:29:59  [mysql] 	XAMPP MySQL is already running on port 3306
10:29:59  [main] 	Enabling autostart for module "Apache"
10:29:59  [main] 	Enabling autostart for module "MySQL"
10:29:59  [main] 	Starting Check-Timer
10:29:59  [main] 	Control Panel Ready
10:29:59  [Apache] 	Autostart aborted: Apache is already running
10:29:59  [mysql] 	Autostart aborted: MySQL is already running
14:28:37  [main] 	Deinitializing Modules
14:28:37  [main] 	Deinitializing Control Panel

9:58:30  [main] 	Initializing Control Panel
9:58:30  [main] 	Windows Version: Windows XP SP3 32-bit
9:58:30  [main] 	XAMPP Version: 1.8.1
9:58:30  [main] 	Control Panel Version: 3.1.0 3.1.0 [ Compiled: September 20th 2012 ]
9:58:30  [main] 	Running with Administrator rights - good!
9:58:30  [main] 	XAMPP Installation Directory: "c:\xampp\"
9:58:30  [main] 	Checking for prerequisites
9:58:30  [main] 	All prerequisites found
9:58:30  [main] 	Initializing Modules
9:58:30  [Apache] 	Problem detected!
9:58:30  [Apache] 	Port 80 in use by "c:\xampp\xampp-control.exe"!
9:58:30  [Apache] 	Apache WILL NOT start without the configured ports free!
9:58:30  [Apache] 	You need to uninstall/disable/reconfigure the blocking application
9:58:30  [Apache] 	or reconfigure Apache to listen on a different port
9:58:30  [Apache] 	XAMPP Apache is already running on port 443
9:58:30  [mysql] 	XAMPP MySQL is already running on port 3306
9:58:31  [main] 	Enabling autostart for module "Apache"
9:58:31  [main] 	Enabling autostart for module "MySQL"
9:58:31  [main] 	Starting Check-Timer
9:58:31  [main] 	Control Panel Ready
9:58:31  [Apache] 	Autostart aborted: Apache is already running
9:58:31  [mysql] 	Autostart aborted: MySQL is already running
18:23:22  [main] 	Deinitializing Modules
18:23:22  [main] 	Deinitializing Control Panel

11:10:25  [main] 	Initializing Control Panel
11:10:25  [main] 	Windows Version: Windows XP SP3 32-bit
11:10:25  [main] 	XAMPP Version: 1.8.1
11:10:25  [main] 	Control Panel Version: 3.1.0 3.1.0 [ Compiled: September 20th 2012 ]
11:10:25  [main] 	Running with Administrator rights - good!
11:10:25  [main] 	XAMPP Installation Directory: "c:\xampp\"
11:10:25  [main] 	Checking for prerequisites
11:10:25  [main] 	All prerequisites found
11:10:25  [main] 	Initializing Modules
11:10:25  [Apache] 	XAMPP Apache is already running on port 80
11:10:25  [Apache] 	XAMPP Apache is already running on port 443
11:10:25  [mysql] 	XAMPP MySQL is already running on port 3306
11:10:25  [main] 	Enabling autostart for module "Apache"
11:10:25  [main] 	Enabling autostart for module "MySQL"
11:10:25  [main] 	Starting Check-Timer
11:10:25  [main] 	Control Panel Ready
11:10:26  [Apache] 	Autostart aborted: Apache is already running
11:10:26  [mysql] 	Autostart aborted: MySQL is already running
11:34:02  [filezilla] 	Attempting to start FileZilla app...
11:34:03  [filezilla] 	Status change detected: running
18:41:04  [main] 	Deinitializing Modules
18:41:04  [main] 	Deinitializing Control Panel

12:12:54  [main] 	Initializing Control Panel
12:12:54  [main] 	Windows Version: Windows XP SP3 32-bit
12:12:54  [main] 	XAMPP Version: 1.8.1
12:12:54  [main] 	Control Panel Version: 3.1.0 3.1.0 [ Compiled: September 20th 2012 ]
12:12:54  [main] 	Running with Administrator rights - good!
12:12:54  [main] 	XAMPP Installation Directory: "c:\xampp\"
12:12:54  [main] 	Checking for prerequisites
12:12:54  [main] 	All prerequisites found
12:12:54  [main] 	Initializing Modules
12:12:54  [Apache] 	XAMPP Apache is already running on port 80
12:12:54  [Apache] 	XAMPP Apache is already running on port 443
12:12:54  [mysql] 	XAMPP MySQL is already running on port 3306
12:12:54  [main] 	Enabling autostart for module "Apache"
12:12:54  [main] 	Enabling autostart for module "MySQL"
12:12:54  [main] 	Starting Check-Timer
12:12:54  [main] 	Control Panel Ready
12:12:55  [Apache] 	Autostart aborted: Apache is already running
12:12:55  [mysql] 	Autostart aborted: MySQL is already running
19:16:45  [main] 	Deinitializing Modules
19:16:45  [main] 	Deinitializing Control Panel

10:43:40  [main] 	Initializing Control Panel
10:43:40  [main] 	Windows Version: Windows XP SP3 32-bit
10:43:40  [main] 	XAMPP Version: 1.8.1
10:43:40  [main] 	Control Panel Version: 3.1.0 3.1.0 [ Compiled: September 20th 2012 ]
10:43:40  [main] 	Running with Administrator rights - good!
10:43:40  [main] 	XAMPP Installation Directory: "c:\xampp\"
10:43:40  [main] 	Checking for prerequisites
10:43:40  [main] 	All prerequisites found
10:43:40  [main] 	Initializing Modules
10:43:40  [Apache] 	XAMPP Apache is already running on port 80
10:43:40  [Apache] 	XAMPP Apache is already running on port 443
10:43:40  [mysql] 	XAMPP MySQL is already running on port 3306
10:43:40  [main] 	Enabling autostart for module "Apache"
10:43:40  [main] 	Enabling autostart for module "MySQL"
10:43:40  [main] 	Starting Check-Timer
10:43:40  [main] 	Control Panel Ready
10:43:41  [Apache] 	Autostart aborted: Apache is already running
10:43:41  [mysql] 	Autostart aborted: MySQL is already running
18:06:49  [main] 	Deinitializing Modules
18:06:49  [main] 	Deinitializing Control Panel

10:48:22  [main] 	Initializing Control Panel
10:48:22  [main] 	Windows Version: Windows XP SP3 32-bit
10:48:22  [main] 	XAMPP Version: 1.8.1
10:48:22  [main] 	Control Panel Version: 3.1.0 3.1.0 [ Compiled: September 20th 2012 ]
10:48:22  [main] 	Running with Administrator rights - good!
10:48:22  [main] 	XAMPP Installation Directory: "c:\xampp\"
10:48:22  [main] 	Checking for prerequisites
10:48:22  [main] 	All prerequisites found
10:48:22  [main] 	Initializing Modules
10:48:22  [Apache] 	XAMPP Apache is already running on port 80
10:48:22  [Apache] 	XAMPP Apache is already running on port 443
10:48:22  [mysql] 	XAMPP MySQL is already running on port 3306
10:48:22  [main] 	Enabling autostart for module "Apache"
10:48:22  [main] 	Enabling autostart for module "MySQL"
10:48:22  [main] 	Starting Check-Timer
10:48:22  [main] 	Control Panel Ready
10:48:22  [Apache] 	Autostart aborted: Apache is already running
10:48:22  [mysql] 	Autostart aborted: MySQL is already running
13:21:33  [main] 	Deinitializing Modules
13:21:33  [main] 	Deinitializing Control Panel

10:41:35  [main] 	Initializing Control Panel
10:41:35  [main] 	Windows Version: Windows XP SP3 32-bit
10:41:35  [main] 	XAMPP Version: 1.8.1
10:41:35  [main] 	Control Panel Version: 3.1.0 3.1.0 [ Compiled: September 20th 2012 ]
10:41:35  [main] 	Running with Administrator rights - good!
10:41:35  [main] 	XAMPP Installation Directory: "c:\xampp\"
10:41:36  [main] 	Checking for prerequisites
10:41:36  [main] 	All prerequisites found
10:41:36  [main] 	Initializing Modules
10:41:36  [Apache] 	XAMPP Apache is already running on port 80
10:41:36  [Apache] 	XAMPP Apache is already running on port 443
10:41:36  [mysql] 	XAMPP MySQL is already running on port 3306
10:41:36  [main] 	Enabling autostart for module "Apache"
10:41:36  [main] 	Enabling autostart for module "MySQL"
10:41:36  [main] 	Starting Check-Timer
10:41:36  [main] 	Control Panel Ready
10:41:36  [Apache] 	Autostart aborted: Apache is already running
10:41:36  [mysql] 	Autostart aborted: MySQL is already running
10:41:40  [filezilla] 	Attempting to start FileZilla app...
10:41:50  [filezilla] 	Status change detected: running
19:25:43  [main] 	Deinitializing Modules
19:25:43  [main] 	Deinitializing Control Panel

9:25:32  [main] 	Initializing Control Panel
9:25:32  [main] 	Windows Version: Windows XP SP3 32-bit
9:25:32  [main] 	XAMPP Version: 1.8.1
9:25:32  [main] 	Control Panel Version: 3.1.0 3.1.0 [ Compiled: September 20th 2012 ]
9:25:32  [main] 	Running with Administrator rights - good!
9:25:32  [main] 	XAMPP Installation Directory: "c:\xampp\"
9:25:32  [main] 	Checking for prerequisites
9:25:32  [main] 	All prerequisites found
9:25:32  [main] 	Initializing Modules
9:25:32  [Apache] 	XAMPP Apache is already running on port 80
9:25:32  [Apache] 	XAMPP Apache is already running on port 443
9:25:32  [mysql] 	XAMPP MySQL is already running on port 3306
9:25:32  [main] 	Enabling autostart for module "Apache"
9:25:32  [main] 	Enabling autostart for module "MySQL"
9:25:32  [main] 	Starting Check-Timer
9:25:32  [main] 	Control Panel Ready
9:25:32  [Apache] 	Autostart aborted: Apache is already running
9:25:32  [mysql] 	Autostart aborted: MySQL is already running
19:30:59  [main] 	Deinitializing Modules
19:30:59  [main] 	Deinitializing Control Panel

13:57:41  [main] 	Initializing Control Panel
13:57:41  [main] 	Windows Version: Windows XP SP3 32-bit
13:57:41  [main] 	XAMPP Version: 1.8.1
13:57:41  [main] 	Control Panel Version: 3.1.0 3.1.0 [ Compiled: September 20th 2012 ]
13:57:41  [main] 	Running with Administrator rights - good!
13:57:41  [main] 	XAMPP Installation Directory: "c:\xampp\"
13:57:41  [main] 	Checking for prerequisites
13:57:41  [main] 	All prerequisites found
13:57:41  [main] 	Initializing Modules
13:57:41  [Apache] 	XAMPP Apache is already running on port 80
13:57:41  [Apache] 	XAMPP Apache is already running on port 443
13:57:41  [mysql] 	XAMPP MySQL is already running on port 3306
13:57:42  [main] 	Enabling autostart for module "Apache"
13:57:42  [main] 	Enabling autostart for module "MySQL"
13:57:42  [main] 	Starting Check-Timer
13:57:42  [main] 	Control Panel Ready
13:57:42  [Apache] 	Autostart aborted: Apache is already running
13:57:42  [mysql] 	Autostart aborted: MySQL is already running
13:58:23  [main] 	Executing "c:\xampp\mysql"
13:59:13  [main] 	Executing "c:\xampp\mysql"
13:59:22  [main] 	Executing "c:\xampp\mysql"
14:31:56  [main] 	Deinitializing Modules
14:31:56  [main] 	Deinitializing Control Panel

18:25:30  [main] 	Initializing Control Panel
18:25:30  [main] 	Windows Version: Windows XP SP3 32-bit
18:25:30  [main] 	XAMPP Version: 1.8.1
18:25:30  [main] 	Control Panel Version: 3.1.0 3.1.0 [ Compiled: September 20th 2012 ]
18:25:30  [main] 	Running with Administrator rights - good!
18:25:30  [main] 	XAMPP Installation Directory: "c:\xampp\"
18:25:30  [main] 	Checking for prerequisites
18:25:30  [main] 	All prerequisites found
18:25:30  [main] 	Initializing Modules
18:25:30  [Apache] 	XAMPP Apache is already running on port 80
18:25:30  [Apache] 	XAMPP Apache is already running on port 443
18:25:30  [mysql] 	XAMPP MySQL is already running on port 3306
18:25:30  [main] 	Enabling autostart for module "Apache"
18:25:30  [main] 	Enabling autostart for module "MySQL"
18:25:30  [main] 	Starting Check-Timer
18:25:30  [main] 	Control Panel Ready
18:25:30  [Apache] 	Autostart aborted: Apache is already running
18:25:30  [mysql] 	Autostart aborted: MySQL is already running
18:25:43  [mysql] 	Attempting to stop MySQL service...
18:25:44  [mysql] 	Status change detected: stopped
18:25:46  [Apache] 	Attempting to stop Apache service...
18:25:49  [Apache] 	Status change detected: stopped
18:25:50  [Apache] 	Attempting to start Apache service...
18:25:54  [Apache] 	Status change detected: running
18:25:56  [mysql] 	Attempting to start MySQL service...
18:25:57  [mysql] 	Status change detected: running
18:26:33  [main] 	Deinitializing Modules
18:26:33  [main] 	Deinitializing Control Panel

18:27:17  [main] 	Initializing Control Panel
18:27:17  [main] 	Windows Version: Windows XP SP3 32-bit
18:27:17  [main] 	XAMPP Version: 1.8.1
18:27:17  [main] 	Control Panel Version: 3.1.0 3.1.0 [ Compiled: September 20th 2012 ]
18:27:17  [main] 	Running with Administrator rights - good!
18:27:17  [main] 	XAMPP Installation Directory: "c:\xampp\"
18:27:17  [main] 	Checking for prerequisites
18:27:17  [main] 	All prerequisites found
18:27:17  [main] 	Initializing Modules
18:27:17  [Apache] 	Problem detected!
18:27:17  [Apache] 	Port 80 in use by "c:\xampp\xampp-control.exe"!
18:27:17  [Apache] 	Apache WILL NOT start without the configured ports free!
18:27:17  [Apache] 	You need to uninstall/disable/reconfigure the blocking application
18:27:17  [Apache] 	or reconfigure Apache to listen on a different port
18:27:17  [mysql] 	Problem detected!
18:27:17  [mysql] 	Port 3306 in use by "c:\xampp\xampp-control.exe"!
18:27:17  [mysql] 	MySQL WILL NOT start without the configured ports free!
18:27:17  [mysql] 	You need to uninstall/disable/reconfigure the blocking application
18:27:17  [mysql] 	or reconfigure MySQL to listen on a different port
18:27:17  [main] 	Enabling autostart for module "Apache"
18:27:17  [main] 	Enabling autostart for module "MySQL"
18:27:17  [main] 	Starting Check-Timer
18:27:17  [main] 	Control Panel Ready
18:27:17  [Apache] 	Autostart active: starting...
18:27:17  [Apache] 	Attempting to start Apache service...
18:27:21  [mysql] 	Autostart aborted: MySQL is already running
18:27:21  [Apache] 	Status change detected: running
18:44:59  [main] 	Deinitializing Modules
18:44:59  [main] 	Deinitializing Control Panel

18:45:12  [main] 	Initializing Control Panel
18:45:12  [main] 	Windows Version: Windows XP SP3 32-bit
18:45:12  [main] 	XAMPP Version: 1.8.1
18:45:12  [main] 	Control Panel Version: 3.1.0 3.1.0 [ Compiled: September 20th 2012 ]
18:45:12  [main] 	Running with Administrator rights - good!
18:45:12  [main] 	XAMPP Installation Directory: "c:\xampp\"
18:45:12  [main] 	Checking for prerequisites
18:45:12  [main] 	All prerequisites found
18:45:12  [main] 	Initializing Modules
18:45:12  [Apache] 	XAMPP Apache is already running on port 80
18:45:12  [Apache] 	XAMPP Apache is already running on port 443
18:45:12  [mysql] 	XAMPP MySQL is already running on port 3306
18:45:12  [main] 	Enabling autostart for module "Apache"
18:45:12  [main] 	Enabling autostart for module "MySQL"
18:45:12  [main] 	Starting Check-Timer
18:45:12  [main] 	Control Panel Ready
18:45:12  [Apache] 	Autostart aborted: Apache is already running
18:45:12  [mysql] 	Autostart aborted: MySQL is already running
18:45:13  [Apache] 	Attempting to stop Apache service...
18:45:16  [mysql] 	Attempting to stop MySQL service...
18:45:17  [Apache] 	Status change detected: stopped
18:45:20  [mysql] 	Status change detected: stopped
18:51:09  [main] 	Deinitializing Modules
18:51:09  [main] 	Deinitializing Control Panel

18:51:43  [main] 	Initializing Control Panel
18:51:43  [main] 	Windows Version: Windows XP SP3 32-bit
18:51:43  [main] 	XAMPP Version: 1.8.1
18:51:43  [main] 	Control Panel Version: 3.1.0 3.1.0 [ Compiled: September 20th 2012 ]
18:51:43  [main] 	Running with Administrator rights - good!
18:51:43  [main] 	XAMPP Installation Directory: "c:\xampp\"
18:51:43  [main] 	Checking for prerequisites
18:51:43  [main] 	All prerequisites found
18:51:43  [main] 	Initializing Modules
18:51:44  [main] 	Enabling autostart for module "Apache"
18:51:44  [main] 	Enabling autostart for module "MySQL"
18:51:44  [main] 	Starting Check-Timer
18:51:44  [main] 	Control Panel Ready
18:51:44  [Apache] 	Autostart active: starting...
18:51:44  [Apache] 	Attempting to start Apache service...
18:51:56  [mysql] 	Autostart active: starting...
18:51:56  [mysql] 	Attempting to start MySQL service...
18:51:57  [Apache] 	Status change detected: running
18:51:58  [mysql] 	Status change detected: running
18:52:13  [Apache] 	Attempting to stop Apache service...
18:52:16  [Apache] 	Status change detected: stopped
18:59:08  [main] 	Deinitializing Modules
18:59:08  [main] 	Deinitializing Control Panel

11:42:23  [main] 	Initializing Control Panel
11:42:23  [main] 	Windows Version: Windows XP SP3 32-bit
11:42:23  [main] 	XAMPP Version: 1.8.1
11:42:23  [main] 	Control Panel Version: 3.1.0 3.1.0 [ Compiled: September 20th 2012 ]
11:42:23  [main] 	Running with Administrator rights - good!
11:42:23  [main] 	XAMPP Installation Directory: "c:\xampp\"
11:42:23  [main] 	Checking for prerequisites
11:42:23  [main] 	All prerequisites found
11:42:23  [main] 	Initializing Modules
11:42:23  [Apache] 	XAMPP Apache is already running on port 80
11:42:23  [Apache] 	XAMPP Apache is already running on port 443
11:42:23  [mysql] 	XAMPP MySQL is already running on port 3306
11:42:23  [main] 	Enabling autostart for module "Apache"
11:42:23  [main] 	Enabling autostart for module "MySQL"
11:42:23  [main] 	Starting Check-Timer
11:42:23  [main] 	Control Panel Ready
11:42:24  [Apache] 	Autostart aborted: Apache is already running
11:42:24  [mysql] 	Autostart aborted: MySQL is already running
11:42:53  [Apache] 	Attempting to stop Apache service...
11:43:23  [Apache] 	Status change detected: stopped
11:43:28  [mysql] 	Attempting to stop MySQL service...
11:43:31  [mysql] 	Status change detected: stopped
11:43:37  [Apache] 	Attempting to start Apache service...
11:43:49  [mysql] 	Attempting to start MySQL service...
11:43:49  [Apache] 	Status change detected: running
11:43:50  [mysql] 	Status change detected: running
19:10:39  [main] 	Deinitializing Modules
19:10:40  [main] 	Deinitializing Control Panel

9:53:25  [main] 	Initializing Control Panel
9:53:25  [main] 	Windows Version: Windows XP SP3 32-bit
9:53:25  [main] 	XAMPP Version: 1.8.1
9:53:25  [main] 	Control Panel Version: 3.1.0 3.1.0 [ Compiled: September 20th 2012 ]
9:53:25  [main] 	Running with Administrator rights - good!
9:53:25  [main] 	XAMPP Installation Directory: "c:\xampp\"
9:53:25  [main] 	Checking for prerequisites
9:53:25  [main] 	All prerequisites found
9:53:25  [main] 	Initializing Modules
9:53:25  [Apache] 	XAMPP Apache is already running on port 80
9:53:25  [Apache] 	XAMPP Apache is already running on port 443
9:53:25  [mysql] 	XAMPP MySQL is already running on port 3306
9:53:25  [main] 	Enabling autostart for module "Apache"
9:53:25  [main] 	Enabling autostart for module "MySQL"
9:53:25  [main] 	Starting Check-Timer
9:53:25  [main] 	Control Panel Ready
9:53:25  [Apache] 	Autostart aborted: Apache is already running
9:53:25  [mysql] 	Autostart aborted: MySQL is already running
12:45:41  [mysql] 	Attempting to stop MySQL service...
12:45:43  [Apache] 	Attempting to stop Apache service...
12:45:55  [Apache] 	Status change detected: stopped
12:45:55  [mysql] 	Status change detected: stopped
12:45:56  [Apache] 	Attempting to start Apache service...
12:46:04  [mysql] 	Attempting to start MySQL service...
12:46:05  [Apache] 	Status change detected: running
12:46:05  [mysql] 	Status change detected: running
12:50:16  [mysql] 	Attempting to stop MySQL service...
12:50:17  [Apache] 	Attempting to stop Apache service...
12:50:21  [Apache] 	Status change detected: stopped
12:50:21  [mysql] 	Status change detected: stopped
12:50:29  [Apache] 	Attempting to start Apache service...
12:50:33  [mysql] 	Attempting to start MySQL service...
12:50:33  [Apache] 	Status change detected: running
12:50:33  [mysql] 	Status change detected: running
12:52:10  [Apache] 	Attempting to stop Apache service...
12:52:43  [Apache] 	Status change detected: stopped
12:53:02  [Apache] 	Attempting to start Apache service...
12:53:05  [Apache] 	Status change detected: running
18:26:19  [main] 	Deinitializing Modules
18:26:19  [main] 	Deinitializing Control Panel

10:09:11  [main] 	Initializing Control Panel
10:09:11  [main] 	Windows Version: Windows XP SP3 32-bit
10:09:11  [main] 	XAMPP Version: 1.8.1
10:09:11  [main] 	Control Panel Version: 3.1.0 3.1.0 [ Compiled: September 20th 2012 ]
10:09:11  [main] 	Running with Administrator rights - good!
10:09:11  [main] 	XAMPP Installation Directory: "c:\xampp\"
10:09:11  [main] 	Checking for prerequisites
10:09:11  [main] 	All prerequisites found
10:09:11  [main] 	Initializing Modules
10:09:11  [Apache] 	XAMPP Apache is already running on port 80
10:09:11  [Apache] 	XAMPP Apache is already running on port 443
10:09:11  [mysql] 	XAMPP MySQL is already running on port 3306
10:09:11  [main] 	Enabling autostart for module "Apache"
10:09:11  [main] 	Enabling autostart for module "MySQL"
10:09:11  [main] 	Starting Check-Timer
10:09:11  [main] 	Control Panel Ready
10:09:11  [Apache] 	Autostart aborted: Apache is already running
10:09:11  [mysql] 	Autostart aborted: MySQL is already running
10:09:15  [filezilla] 	Attempting to start FileZilla app...
10:09:16  [filezilla] 	Status change detected: running
20:03:28  [main] 	Deinitializing Modules
20:03:28  [main] 	Deinitializing Control Panel

